2024-04-28 16:12:48,934 - INFO - Plugin initialized with API URL: http://127.0.0.1:8000, Auth Token: ******
2024-04-28 16:30:32,483 - INFO - Plugin initialized with API URL: http://127.0.0.1:8000, Auth Token: ******
2024-04-28 16:30:32,513 - INFO - Test run started
2024-04-28 16:30:32,604 - INFO - Started test: test_passing
2024-04-28 16:30:32,604 - INFO - Test 'test_passing' started with params: {}
2024-04-28 16:30:32,621 - INFO - Test status: passed, Duration: 0.00013070900013190112
2024-04-28 16:30:32,637 - INFO - Finished test: e0c29196-d460-444f-9634-1d6f8e1cae33, Status: passed, Exception: None, Duration: 0.00013070900013190112
2024-04-28 16:30:32,648 - INFO - Started test: test_error
2024-04-28 16:30:32,648 - INFO - Test 'test_error' started with params: {}
2024-04-28 16:30:32,649 - INFO - Test status: passed, Duration: 0.00029577700001937046
2024-04-28 16:30:32,659 - INFO - Finished test: eb413acc-6201-4518-9314-4d274c0af1c5, Status: passed, Exception: None, Duration: 0.00029577700001937046
2024-04-28 16:30:32,670 - INFO - Started test: test_skipped
2024-04-28 16:30:32,670 - INFO - Test 'test_skipped' started with params: {}
2024-04-28 16:30:32,671 - INFO - Test skipped: ('/home/rosh/projects/report-plugin/pytest-report-plugin/pytest_report_plugin/tests/test_all_outcomes.py', 10, 'Skipped: Test is skipped for a reason')
2024-04-28 16:30:32,681 - INFO - Finished test: bcfd0371-77a9-417e-a4ea-1cfb9467be5f, Status: skipped, Exception: None, Duration: None
2024-04-28 16:30:32,691 - INFO - Started test: test_expected_failure
2024-04-28 16:30:32,691 - INFO - Test 'test_expected_failure' started with params: {}
2024-04-28 16:30:32,711 - INFO - Test status: skipped, Duration: 0.00036206300001140335
2024-04-28 16:30:32,723 - INFO - Finished test: dac20f65-c8d3-4ee2-b190-17d1d90a0142, Status: skipped, Exception: /home/rosh/projects/report-plugin/pytest-report-plugin/pytest_report_plugin/tests/test_all_outcomes.py:17: assert False, Duration: 0.00036206300001140335
2024-04-28 16:30:32,734 - INFO - Started test: test_unexpected_failure
2024-04-28 16:30:32,734 - INFO - Test 'test_unexpected_failure' started with params: {}
2024-04-28 16:30:32,735 - INFO - Test status: failed, Duration: 0.00016002799998204864
2024-04-28 16:30:32,745 - INFO - Finished test: 047a0711-576e-4ce6-b858-eb564be20e43, Status: failed, Exception: /home/rosh/projects/report-plugin/pytest-report-plugin/pytest_report_plugin/tests/test_all_outcomes.py:20: assert False, Duration: 0.00016002799998204864
2024-04-28 16:30:32,757 - INFO - Started test: test_examples[2-2]
2024-04-28 16:30:32,757 - INFO - Test 'test_examples[2-2]' started with params: {'left': 2, 'right': 2}
2024-04-28 16:30:32,758 - INFO - Test status: passed, Duration: 0.00012362799998300034
2024-04-28 16:30:32,768 - INFO - Finished test: 0792361a-7c6c-42d1-afb2-29fa9cb8c2d5, Status: passed, Exception: None, Duration: 0.00012362799998300034
2024-04-28 16:30:32,777 - INFO - Started test: test_examples[3.14-5.55]
2024-04-28 16:30:32,778 - INFO - Test 'test_examples[3.14-5.55]' started with params: {'left': 3.14, 'right': 5.55}
2024-04-28 16:30:32,778 - INFO - Test skipped: ('/home/rosh/projects/report-plugin/pytest-report-plugin/pytest_report_plugin/tests/test_plugin.py', 5, 'Skipped: Skipped!')
2024-04-28 16:30:32,788 - INFO - Finished test: 7cd1f0f4-9bfa-410f-8e82-769651f282f5, Status: skipped, Exception: None, Duration: None
2024-04-28 16:30:32,798 - INFO - Started test: test_examples[nan-42]
2024-04-28 16:30:32,798 - INFO - Test 'test_examples[nan-42]' started with params: {'left': nan, 'right': 42}
2024-04-28 16:30:32,801 - INFO - Test status: failed, Duration: 0.00044199200010552886
2024-04-28 16:30:32,811 - INFO - Finished test: dab1fb07-884f-4bdd-8a76-73ad1397f8a5, Status: failed, Exception: /home/rosh/projects/report-plugin/pytest-report-plugin/pytest_report_plugin/tests/test_plugin.py:14: assert (nan + 42) == (42 + nan), Duration: 0.00044199200010552886
2024-04-28 16:30:32,822 - INFO - Started test: test_properties
2024-04-28 16:30:32,822 - INFO - Test 'test_properties' started with params: {}
2024-04-28 16:30:33,713 - INFO - Test status: failed, Duration: 0.8897237369999402
2024-04-28 16:30:33,727 - INFO - Finished test: b85f99e4-1ae9-44c5-863c-e74f7cf7f01a, Status: failed, Exception: /home/rosh/projects/report-plugin/pytest-report-plugin/pytest_report_plugin/tests/test_plugin.py:21: assert (0 + nan) == (nan + 0), Duration: 0.8897237369999402
2024-04-28 16:30:33,740 - INFO - Test run finished
2024-04-28 16:30:33,741 - INFO - Test status: failed, Duration: 0.00016002799998204864
2024-04-28 16:30:33,743 - INFO - Finished test: b85f99e4-1ae9-44c5-863c-e74f7cf7f01a, Status: failed, Exception: /home/rosh/projects/report-plugin/pytest-report-plugin/pytest_report_plugin/tests/test_all_outcomes.py:20: assert False, Duration: 0.00016002799998204864
2024-04-28 16:30:33,743 - INFO - Test status: failed, Duration: 0.00044199200010552886
2024-04-28 16:30:33,745 - INFO - Finished test: b85f99e4-1ae9-44c5-863c-e74f7cf7f01a, Status: failed, Exception: /home/rosh/projects/report-plugin/pytest-report-plugin/pytest_report_plugin/tests/test_plugin.py:14: assert (nan + 42) == (42 + nan), Duration: 0.00044199200010552886
2024-04-28 16:30:33,746 - INFO - Test status: failed, Duration: 0.8897237369999402
2024-04-28 16:30:33,747 - INFO - Finished test: b85f99e4-1ae9-44c5-863c-e74f7cf7f01a, Status: failed, Exception: /home/rosh/projects/report-plugin/pytest-report-plugin/pytest_report_plugin/tests/test_plugin.py:21: assert (0 + nan) == (nan + 0), Duration: 0.8897237369999402
2024-04-28 16:33:41,891 - INFO - Plugin initialized with API URL: http://127.0.0.1:8000, Auth Token: ******
2024-04-28 16:33:41,903 - INFO - Test run started
2024-04-28 16:33:41,997 - INFO - Started test: test_passing
2024-04-28 16:33:41,997 - INFO - Test 'test_passing' started with params: {}
2024-04-28 16:33:42,020 - INFO - Test status: passed, Duration: 9.740200016494782e-05
2024-04-28 16:33:42,032 - INFO - Finished test: bf7e170e-d9ba-4b14-8ab3-403eae80301f, Status: passed, Exception: None, Duration: 9.740200016494782e-05
2024-04-28 16:33:42,043 - INFO - Started test: test_error
2024-04-28 16:33:42,043 - INFO - Test 'test_error' started with params: {}
2024-04-28 16:33:42,044 - INFO - Test status: passed, Duration: 0.00012244999993527017
2024-04-28 16:33:42,052 - INFO - Finished test: c827e580-d7a8-4878-a177-caad3da10957, Status: passed, Exception: None, Duration: 0.00012244999993527017
2024-04-28 16:33:42,068 - INFO - Started test: test_skipped
2024-04-28 16:33:42,068 - INFO - Test 'test_skipped' started with params: {}
2024-04-28 16:33:42,069 - INFO - Test skipped: ('/home/rosh/projects/report-plugin/pytest-report-plugin/pytest_report_plugin/tests/test_all_outcomes.py', 10, 'Skipped: Test is skipped for a reason')
2024-04-28 16:33:42,080 - INFO - Finished test: 674007e6-6652-4817-a02b-8a3ef1cdee93, Status: skipped, Exception: None, Duration: None
2024-04-28 16:33:42,093 - INFO - Started test: test_expected_failure
2024-04-28 16:33:42,094 - INFO - Test 'test_expected_failure' started with params: {}
2024-04-28 16:33:42,112 - INFO - Test status: skipped, Duration: 0.00025424299997212074
2024-04-28 16:33:42,124 - INFO - Finished test: eafcea7b-44b8-490f-8ee7-44914165bfa3, Status: skipped, Exception: /home/rosh/projects/report-plugin/pytest-report-plugin/pytest_report_plugin/tests/test_all_outcomes.py:17: assert False, Duration: 0.00025424299997212074
2024-04-28 16:33:42,136 - INFO - Started test: test_unexpected_failure
2024-04-28 16:33:42,137 - INFO - Test 'test_unexpected_failure' started with params: {}
2024-04-28 16:33:42,139 - INFO - Test status: failed, Duration: 0.00024421900002380426
2024-04-28 16:33:42,148 - INFO - Finished test: 38295a88-7f89-428d-a13a-f87236c11240, Status: failed, Exception: /home/rosh/projects/report-plugin/pytest-report-plugin/pytest_report_plugin/tests/test_all_outcomes.py:20: assert False, Duration: 0.00024421900002380426
2024-04-28 16:33:42,161 - INFO - Started test: test_examples[2-2]
2024-04-28 16:33:42,161 - INFO - Test 'test_examples[2-2]' started with params: {'left': 2, 'right': 2}
2024-04-28 16:33:42,162 - INFO - Test status: passed, Duration: 0.0002313520001280267
2024-04-28 16:33:42,172 - INFO - Finished test: 4ee508d3-508a-4428-8933-cc6a52b64393, Status: passed, Exception: None, Duration: 0.0002313520001280267
2024-04-28 16:33:42,185 - INFO - Started test: test_examples[3.14-5.55]
2024-04-28 16:33:42,185 - INFO - Test 'test_examples[3.14-5.55]' started with params: {'left': 3.14, 'right': 5.55}
2024-04-28 16:33:42,186 - INFO - Test skipped: ('/home/rosh/projects/report-plugin/pytest-report-plugin/pytest_report_plugin/tests/test_plugin.py', 5, 'Skipped: Skipped!')
2024-04-28 16:33:42,196 - INFO - Finished test: 83255583-2bb2-4d70-aaa1-1d6a76dfa07a, Status: skipped, Exception: None, Duration: None
2024-04-28 16:33:42,209 - INFO - Started test: test_examples[nan-42]
2024-04-28 16:33:42,210 - INFO - Test 'test_examples[nan-42]' started with params: {'left': nan, 'right': 42}
2024-04-28 16:33:42,214 - INFO - Test status: failed, Duration: 0.00048326499995710037
2024-04-28 16:33:42,224 - INFO - Finished test: 69de725d-0dc5-4a54-b280-c66d43a6b662, Status: failed, Exception: /home/rosh/projects/report-plugin/pytest-report-plugin/pytest_report_plugin/tests/test_plugin.py:14: assert (nan + 42) == (42 + nan), Duration: 0.00048326499995710037
2024-04-28 16:33:42,237 - INFO - Started test: test_properties
2024-04-28 16:33:42,238 - INFO - Test 'test_properties' started with params: {}
2024-04-28 16:33:42,477 - INFO - Test status: failed, Duration: 0.23827791799999432
2024-04-28 16:33:42,489 - INFO - Finished test: 554182fb-fa78-4f02-a3da-c70a45320189, Status: failed, Exception: /home/rosh/projects/report-plugin/pytest-report-plugin/pytest_report_plugin/tests/test_plugin.py:21: assert (0 + nan) == (nan + 0), Duration: 0.23827791799999432
2024-04-28 16:33:42,495 - INFO - Test run finished
2024-04-28 16:33:42,495 - INFO - Test status: failed, Duration: 0.00024421900002380426
2024-04-28 16:33:42,497 - INFO - Finished test: 554182fb-fa78-4f02-a3da-c70a45320189, Status: failed, Exception: /home/rosh/projects/report-plugin/pytest-report-plugin/pytest_report_plugin/tests/test_all_outcomes.py:20: assert False, Duration: 0.00024421900002380426
2024-04-28 16:33:42,497 - INFO - Test status: failed, Duration: 0.00048326499995710037
2024-04-28 16:33:42,499 - INFO - Finished test: 554182fb-fa78-4f02-a3da-c70a45320189, Status: failed, Exception: /home/rosh/projects/report-plugin/pytest-report-plugin/pytest_report_plugin/tests/test_plugin.py:14: assert (nan + 42) == (42 + nan), Duration: 0.00048326499995710037
2024-04-28 16:33:42,499 - INFO - Test status: failed, Duration: 0.23827791799999432
2024-04-28 16:33:42,500 - INFO - Finished test: 554182fb-fa78-4f02-a3da-c70a45320189, Status: failed, Exception: /home/rosh/projects/report-plugin/pytest-report-plugin/pytest_report_plugin/tests/test_plugin.py:21: assert (0 + nan) == (nan + 0), Duration: 0.23827791799999432
2024-04-28 16:47:44,192 - INFO - Plugin initialized with API URL: http://127.0.0.1:8000, Auth Token: ******
2024-04-28 16:47:44,236 - INFO - Test run started
2024-04-28 16:47:44,408 - INFO - Started test: test_passing
2024-04-28 16:47:44,409 - INFO - Test 'test_passing' started with params: {}
2024-04-28 16:47:44,446 - INFO - Test status: passed, Duration: 0.0002266070000587206
2024-04-28 16:47:44,464 - INFO - Finished test: add0e92c-c92e-47e8-94bd-94af3ea14e0e, Status: passed, Exception: None, Duration: 0.0002266070000587206
2024-04-28 16:47:44,477 - INFO - Started test: test_error
2024-04-28 16:47:44,477 - INFO - Test 'test_error' started with params: {}
2024-04-28 16:47:44,478 - INFO - Test status: passed, Duration: 0.000315448000037577
2024-04-28 16:47:44,491 - INFO - Finished test: 4a5fe42f-88fd-4b43-b129-fd26cc1048f9, Status: passed, Exception: None, Duration: 0.000315448000037577
2024-04-28 16:47:44,502 - INFO - Started test: test_skipped
2024-04-28 16:47:44,503 - INFO - Test 'test_skipped' started with params: {}
2024-04-28 16:47:44,503 - INFO - Test skipped: ('/home/rosh/projects/report-plugin/pytest-report-plugin/pytest_report_plugin/tests/test_all_outcomes.py', 10, 'Skipped: Test is skipped for a reason')
2024-04-28 16:47:44,516 - INFO - Finished test: 3bafe762-c276-4182-ac01-8c0bda2cff89, Status: skipped, Exception: None, Duration: None
2024-04-28 16:47:44,529 - INFO - Started test: test_expected_failure
2024-04-28 16:47:44,529 - INFO - Test 'test_expected_failure' started with params: {}
2024-04-28 16:47:44,558 - INFO - Test status: skipped, Duration: 0.0002946340000562486
2024-04-28 16:47:44,572 - INFO - Finished test: 5c0183da-bc65-4565-9c1f-7ecdd9d2d824, Status: skipped, Exception: /home/rosh/projects/report-plugin/pytest-report-plugin/pytest_report_plugin/tests/test_all_outcomes.py:17: assert False, Duration: 0.0002946340000562486
2024-04-28 16:47:44,584 - INFO - Started test: test_unexpected_failure
2024-04-28 16:47:44,584 - INFO - Test 'test_unexpected_failure' started with params: {}
2024-04-28 16:47:44,587 - INFO - Test status: failed, Duration: 0.00023578199989060522
2024-04-28 16:47:44,601 - INFO - Finished test: 45764d3c-264d-4de8-8289-baf2cce15a8d, Status: failed, Exception: /home/rosh/projects/report-plugin/pytest-report-plugin/pytest_report_plugin/tests/test_all_outcomes.py:20: assert False, Duration: 0.00023578199989060522
2024-04-28 16:47:44,613 - INFO - Started test: test_examples[2-2]
2024-04-28 16:47:44,613 - INFO - Test 'test_examples[2-2]' started with params: {'left': 2, 'right': 2}
2024-04-28 16:47:44,614 - INFO - Test status: passed, Duration: 0.00016098799960673205
2024-04-28 16:47:44,626 - INFO - Finished test: a29938d5-c288-492a-aa1c-579aafe8098f, Status: passed, Exception: None, Duration: 0.00016098799960673205
2024-04-28 16:47:44,638 - INFO - Started test: test_examples[3.14-5.55]
2024-04-28 16:47:44,638 - INFO - Test 'test_examples[3.14-5.55]' started with params: {'left': 3.14, 'right': 5.55}
2024-04-28 16:47:44,639 - INFO - Test skipped: ('/home/rosh/projects/report-plugin/pytest-report-plugin/pytest_report_plugin/tests/test_plugin.py', 5, 'Skipped: Skipped!')
2024-04-28 16:47:44,651 - INFO - Finished test: 0d0414c1-8352-4da3-ba3a-dc033ba76dd1, Status: skipped, Exception: None, Duration: None
2024-04-28 16:47:44,663 - INFO - Started test: test_examples[nan-42]
2024-04-28 16:47:44,664 - INFO - Test 'test_examples[nan-42]' started with params: {'left': nan, 'right': 42}
2024-04-28 16:47:44,668 - INFO - Test status: failed, Duration: 0.0004802480002581433
2024-04-28 16:47:44,681 - INFO - Finished test: 88a2c122-e74d-4db6-ac60-237db9d4afd8, Status: failed, Exception: /home/rosh/projects/report-plugin/pytest-report-plugin/pytest_report_plugin/tests/test_plugin.py:14: assert (nan + 42) == (42 + nan), Duration: 0.0004802480002581433
2024-04-28 16:47:44,692 - INFO - Started test: test_properties
2024-04-28 16:47:44,693 - INFO - Test 'test_properties' started with params: {}
2024-04-28 16:47:45,136 - INFO - Test status: failed, Duration: 0.4407542439998906
2024-04-28 16:47:45,152 - INFO - Finished test: b1ce59fa-cbd6-4c5d-9adb-d31fbcfe2daa, Status: failed, Exception: /home/rosh/projects/report-plugin/pytest-report-plugin/pytest_report_plugin/tests/test_plugin.py:21: assert (0 + nan) == (nan + 0), Duration: 0.4407542439998906
2024-04-28 16:47:45,167 - INFO - Test run finished
2024-04-28 16:47:45,168 - INFO - Test status: failed, Duration: 0.00023578199989060522
2024-04-28 16:47:45,173 - INFO - Finished test: b1ce59fa-cbd6-4c5d-9adb-d31fbcfe2daa, Status: failed, Exception: /home/rosh/projects/report-plugin/pytest-report-plugin/pytest_report_plugin/tests/test_all_outcomes.py:20: assert False, Duration: 0.00023578199989060522
2024-04-28 16:47:45,173 - INFO - Test status: failed, Duration: 0.0004802480002581433
2024-04-28 16:47:45,180 - INFO - Finished test: b1ce59fa-cbd6-4c5d-9adb-d31fbcfe2daa, Status: failed, Exception: /home/rosh/projects/report-plugin/pytest-report-plugin/pytest_report_plugin/tests/test_plugin.py:14: assert (nan + 42) == (42 + nan), Duration: 0.0004802480002581433
2024-04-28 16:47:45,180 - INFO - Test status: failed, Duration: 0.4407542439998906
2024-04-28 16:47:45,184 - INFO - Finished test: b1ce59fa-cbd6-4c5d-9adb-d31fbcfe2daa, Status: failed, Exception: /home/rosh/projects/report-plugin/pytest-report-plugin/pytest_report_plugin/tests/test_plugin.py:21: assert (0 + nan) == (nan + 0), Duration: 0.4407542439998906
2024-04-28 16:49:12,379 - INFO - Plugin initialized with API URL: http://127.0.0.1:8000, Auth Token: ******
2024-04-28 16:51:31,827 - INFO - Plugin initialized with API URL: http://127.0.0.1:8000, Auth Token: ******
2024-04-28 16:51:31,877 - INFO - Test run started
2024-04-28 16:51:32,057 - INFO - Started test: test_passing
2024-04-28 16:51:32,057 - INFO - Test 'test_passing' started with params: {}
2024-04-28 16:51:32,094 - INFO - Test status: passed, Duration: 0.00019009300012839958
2024-04-28 16:51:32,115 - INFO - Finished test: 02cf5055-a5ad-4725-945f-194ac81e5905, Status: passed, Exception: None, Duration: 0.00019009300012839958
2024-04-28 16:51:32,132 - INFO - Started test: test_error
2024-04-28 16:51:32,132 - INFO - Test 'test_error' started with params: {}
2024-04-28 16:51:32,134 - INFO - Test status: passed, Duration: 0.0003720519998751115
2024-04-28 16:51:32,150 - INFO - Finished test: c0e32da8-97e6-4b50-9a52-c356e7731ddd, Status: passed, Exception: None, Duration: 0.0003720519998751115
2024-04-28 16:51:32,169 - INFO - Started test: test_skipped
2024-04-28 16:51:32,169 - INFO - Test 'test_skipped' started with params: {}
2024-04-28 16:51:32,170 - INFO - Test skipped: ('/home/rosh/projects/report-plugin/pytest-report-plugin/pytest_report_plugin/tests/test_all_outcomes.py', 10, 'Skipped: Test is skipped for a reason')
2024-04-28 16:51:32,186 - INFO - Finished test: 69944273-ed34-48c9-aeef-4ae64cc5a7f8, Status: skipped, Exception: None, Duration: None
2024-04-28 16:51:32,203 - INFO - Started test: test_expected_failure
2024-04-28 16:51:32,204 - INFO - Test 'test_expected_failure' started with params: {}
2024-04-28 16:51:32,234 - INFO - Test status: skipped, Duration: 0.0003526840000631637
2024-04-28 16:51:32,249 - INFO - Finished test: 43011153-5392-4b93-8a9d-272d45536d87, Status: skipped, Exception: /home/rosh/projects/report-plugin/pytest-report-plugin/pytest_report_plugin/tests/test_all_outcomes.py:17: assert False, Duration: 0.0003526840000631637
2024-04-28 16:51:32,267 - INFO - Started test: test_unexpected_failure
2024-04-28 16:51:32,267 - INFO - Test 'test_unexpected_failure' started with params: {}
2024-04-28 16:51:32,270 - INFO - Test status: failed, Duration: 0.0002513469999030349
2024-04-28 16:51:32,284 - INFO - Finished test: 4763d142-cea4-4a60-93a6-eaeeed724e43, Status: failed, Exception: /home/rosh/projects/report-plugin/pytest-report-plugin/pytest_report_plugin/tests/test_all_outcomes.py:20: assert False, Duration: 0.0002513469999030349
2024-04-28 16:51:32,302 - INFO - Started test: test_examples[2-2]
2024-04-28 16:51:32,302 - INFO - Test 'test_examples[2-2]' started with params: {'left': 2, 'right': 2}
2024-04-28 16:51:32,303 - INFO - Test status: passed, Duration: 0.00018685700024434482
2024-04-28 16:51:32,317 - INFO - Finished test: 7841e135-fd8f-498f-895a-e55674663630, Status: passed, Exception: None, Duration: 0.00018685700024434482
2024-04-28 16:51:32,332 - INFO - Started test: test_examples[3.14-5.55]
2024-04-28 16:51:32,332 - INFO - Test 'test_examples[3.14-5.55]' started with params: {'left': 3.14, 'right': 5.55}
2024-04-28 16:51:32,333 - INFO - Test skipped: ('/home/rosh/projects/report-plugin/pytest-report-plugin/pytest_report_plugin/tests/test_plugin.py', 5, 'Skipped: Skipped!')
2024-04-28 16:51:32,349 - INFO - Finished test: 283bf4e9-ed7f-42e2-bdff-7b168f5948e0, Status: skipped, Exception: None, Duration: None
2024-04-28 16:51:32,366 - INFO - Started test: test_examples[nan-42]
2024-04-28 16:51:32,366 - INFO - Test 'test_examples[nan-42]' started with params: {'left': nan, 'right': 42}
2024-04-28 16:51:32,371 - INFO - Test status: failed, Duration: 0.0004434030001903011
2024-04-28 16:51:32,387 - INFO - Finished test: f943ff66-0cd6-42cc-9580-7fc58ec347cf, Status: failed, Exception: /home/rosh/projects/report-plugin/pytest-report-plugin/pytest_report_plugin/tests/test_plugin.py:14: assert (nan + 42) == (42 + nan), Duration: 0.0004434030001903011
2024-04-28 16:51:32,404 - INFO - Started test: test_properties
2024-04-28 16:51:32,405 - INFO - Test 'test_properties' started with params: {}
2024-04-28 16:51:32,862 - INFO - Test status: failed, Duration: 0.4543289050002386
2024-04-28 16:51:32,881 - INFO - Finished test: c1f026ac-a4bf-4dfe-985e-18a88104ddf8, Status: failed, Exception: /home/rosh/projects/report-plugin/pytest-report-plugin/pytest_report_plugin/tests/test_plugin.py:21: assert (0 + nan) == (nan + 0), Duration: 0.4543289050002386
2024-04-28 16:51:32,901 - INFO - Test run finished
2024-04-28 16:51:32,902 - INFO - Test status: failed, Duration: 0.0002513469999030349
2024-04-28 16:51:32,907 - INFO - Finished test: c1f026ac-a4bf-4dfe-985e-18a88104ddf8, Status: failed, Exception: /home/rosh/projects/report-plugin/pytest-report-plugin/pytest_report_plugin/tests/test_all_outcomes.py:20: assert False, Duration: 0.0002513469999030349
2024-04-28 16:51:32,907 - INFO - Test status: failed, Duration: 0.0004434030001903011
2024-04-28 16:51:32,913 - INFO - Finished test: c1f026ac-a4bf-4dfe-985e-18a88104ddf8, Status: failed, Exception: /home/rosh/projects/report-plugin/pytest-report-plugin/pytest_report_plugin/tests/test_plugin.py:14: assert (nan + 42) == (42 + nan), Duration: 0.0004434030001903011
2024-04-28 16:51:32,914 - INFO - Test status: failed, Duration: 0.4543289050002386
2024-04-28 16:51:32,917 - INFO - Finished test: c1f026ac-a4bf-4dfe-985e-18a88104ddf8, Status: failed, Exception: /home/rosh/projects/report-plugin/pytest-report-plugin/pytest_report_plugin/tests/test_plugin.py:21: assert (0 + nan) == (nan + 0), Duration: 0.4543289050002386
2024-04-28 16:52:26,839 - INFO - Plugin initialized with API URL: http://127.0.0.1:8000, Auth Token: ******
2024-04-28 16:52:26,859 - INFO - <Response [400]>
2024-04-28 16:52:26,859 - INFO - 3bd1d272-71ca-4ca2-be18-e1792fe85249
2024-04-28 16:52:26,859 - INFO - Test run started
2024-04-28 16:52:27,027 - INFO - Started test: test_passing
2024-04-28 16:52:27,028 - INFO - Test 'test_passing' started with params: {}
2024-04-28 16:52:27,064 - INFO - Test status: PASSED, Duration: 0.0002171979999729956
2024-04-28 16:52:27,064 - INFO - f5d53297-7348-4dae-acb8-dda3012e8b54 PASSED
2024-04-28 16:52:27,078 - INFO - Finished test: f5d53297-7348-4dae-acb8-dda3012e8b54, Status: PASSED, Exception: None, Duration: 0.0002171979999729956
2024-04-28 16:52:27,091 - INFO - Started test: test_error
2024-04-28 16:52:27,091 - INFO - Test 'test_error' started with params: {}
2024-04-28 16:52:27,093 - INFO - Test status: PASSED, Duration: 0.00041035499998542946
2024-04-28 16:52:27,093 - INFO - 70d31354-8b9a-4376-abf1-68fa6d6e9c62 PASSED
2024-04-28 16:52:27,106 - INFO - Finished test: 70d31354-8b9a-4376-abf1-68fa6d6e9c62, Status: PASSED, Exception: None, Duration: 0.00041035499998542946
2024-04-28 16:52:27,120 - INFO - Started test: test_skipped
2024-04-28 16:52:27,120 - INFO - Test 'test_skipped' started with params: {}
2024-04-28 16:52:27,121 - INFO - Test skipped: ('/home/rosh/projects/report-plugin/pytest-report-plugin/pytest_report_plugin/tests/test_all_outcomes.py', 10, 'Skipped: Test is skipped for a reason')
2024-04-28 16:52:27,121 - INFO - feb135df-9cbe-4a3a-b45b-9fd4bb7c076a SKIPPED
2024-04-28 16:52:27,135 - INFO - Finished test: feb135df-9cbe-4a3a-b45b-9fd4bb7c076a, Status: SKIPPED, Exception: None, Duration: None
2024-04-28 16:52:27,148 - INFO - Started test: test_expected_failure
2024-04-28 16:52:27,148 - INFO - Test 'test_expected_failure' started with params: {}
2024-04-28 16:52:27,175 - INFO - Test status: SKIPPED, Duration: 0.00024156900008165394
2024-04-28 16:52:27,175 - INFO - b6a97061-508f-4fe8-82df-5df2069b8b30 SKIPPED
2024-04-28 16:52:27,190 - INFO - Finished test: b6a97061-508f-4fe8-82df-5df2069b8b30, Status: SKIPPED, Exception: /home/rosh/projects/report-plugin/pytest-report-plugin/pytest_report_plugin/tests/test_all_outcomes.py:17: assert False, Duration: 0.00024156900008165394
2024-04-28 16:52:27,203 - INFO - Started test: test_unexpected_failure
2024-04-28 16:52:27,203 - INFO - Test 'test_unexpected_failure' started with params: {}
2024-04-28 16:52:27,206 - INFO - Test status: FAILED, Duration: 0.0003039009998246911
2024-04-28 16:52:27,206 - INFO - a705d23f-10bd-4124-a6b2-605134cf7927 FAILED
2024-04-28 16:52:27,219 - INFO - Finished test: a705d23f-10bd-4124-a6b2-605134cf7927, Status: FAILED, Exception: /home/rosh/projects/report-plugin/pytest-report-plugin/pytest_report_plugin/tests/test_all_outcomes.py:20: assert False, Duration: 0.0003039009998246911
2024-04-28 16:52:27,232 - INFO - Started test: test_examples[2-2]
2024-04-28 16:52:27,233 - INFO - Test 'test_examples[2-2]' started with params: {'left': 2, 'right': 2}
2024-04-28 16:52:27,233 - INFO - Test status: PASSED, Duration: 0.00015270799985955819
2024-04-28 16:52:27,234 - INFO - af9589b0-37d5-4580-88f9-fd27bc075d7b PASSED
2024-04-28 16:52:27,246 - INFO - Finished test: af9589b0-37d5-4580-88f9-fd27bc075d7b, Status: PASSED, Exception: None, Duration: 0.00015270799985955819
2024-04-28 16:52:27,258 - INFO - Started test: test_examples[3.14-5.55]
2024-04-28 16:52:27,258 - INFO - Test 'test_examples[3.14-5.55]' started with params: {'left': 3.14, 'right': 5.55}
2024-04-28 16:52:27,259 - INFO - Test skipped: ('/home/rosh/projects/report-plugin/pytest-report-plugin/pytest_report_plugin/tests/test_plugin.py', 5, 'Skipped: Skipped!')
2024-04-28 16:52:27,259 - INFO - 978c2af2-a86e-4617-a4c3-1f978afe5456 SKIPPED
2024-04-28 16:52:27,271 - INFO - Finished test: 978c2af2-a86e-4617-a4c3-1f978afe5456, Status: SKIPPED, Exception: None, Duration: None
2024-04-28 16:52:27,283 - INFO - Started test: test_examples[nan-42]
2024-04-28 16:52:27,284 - INFO - Test 'test_examples[nan-42]' started with params: {'left': nan, 'right': 42}
2024-04-28 16:52:27,287 - INFO - Test status: FAILED, Duration: 0.0003678149996630964
2024-04-28 16:52:27,287 - INFO - 3563473a-c071-4787-a951-03380a2db2a5 FAILED
2024-04-28 16:52:27,300 - INFO - Finished test: 3563473a-c071-4787-a951-03380a2db2a5, Status: FAILED, Exception: /home/rosh/projects/report-plugin/pytest-report-plugin/pytest_report_plugin/tests/test_plugin.py:14: assert (nan + 42) == (42 + nan), Duration: 0.0003678149996630964
2024-04-28 16:52:27,312 - INFO - Started test: test_properties
2024-04-28 16:52:27,312 - INFO - Test 'test_properties' started with params: {}
2024-04-28 16:52:27,754 - INFO - Test status: FAILED, Duration: 0.4397585229999095
2024-04-28 16:52:27,754 - INFO - be3d80ff-8ce6-43e9-8e4d-b75d30e52453 FAILED
2024-04-28 16:52:27,770 - INFO - Finished test: be3d80ff-8ce6-43e9-8e4d-b75d30e52453, Status: FAILED, Exception: /home/rosh/projects/report-plugin/pytest-report-plugin/pytest_report_plugin/tests/test_plugin.py:21: assert (0 + nan) == (nan + 0), Duration: 0.4397585229999095
2024-04-28 16:52:27,774 - INFO - Test status: FAILED, Duration: 0.0003039009998246911
2024-04-28 16:52:27,774 - INFO - Test status: FAILED, Duration: 0.0003678149996630964
2024-04-28 16:52:27,775 - INFO - Test status: FAILED, Duration: 0.4397585229999095
2024-04-28 16:52:27,779 - INFO - Test run finished
2024-04-28 16:52:35,223 - INFO - Plugin initialized with API URL: http://127.0.0.1:8000, Auth Token: ******
2024-04-28 16:52:35,267 - INFO - <Response [200]>
2024-04-28 16:52:35,267 - INFO - ff754fac-186b-48b3-93c7-7e1b08ada7f4
2024-04-28 16:52:35,267 - INFO - Test run started
2024-04-28 16:52:35,445 - INFO - Started test: test_passing
2024-04-28 16:52:35,446 - INFO - Test 'test_passing' started with params: {}
2024-04-28 16:52:35,480 - INFO - Test status: PASSED, Duration: 0.00018445699970470741
2024-04-28 16:52:35,480 - INFO - a28bde68-ccb1-4289-852d-a1b9842c1629 PASSED
2024-04-28 16:52:35,497 - INFO - Finished test: a28bde68-ccb1-4289-852d-a1b9842c1629, Status: PASSED, Exception: None, Duration: 0.00018445699970470741
2024-04-28 16:52:35,511 - INFO - Started test: test_error
2024-04-28 16:52:35,511 - INFO - Test 'test_error' started with params: {}
2024-04-28 16:52:35,512 - INFO - Test status: PASSED, Duration: 0.0003403549999347888
2024-04-28 16:52:35,512 - INFO - b1822fa6-4634-45c0-ab21-3914116f5ae8 PASSED
2024-04-28 16:52:35,523 - INFO - Finished test: b1822fa6-4634-45c0-ab21-3914116f5ae8, Status: PASSED, Exception: None, Duration: 0.0003403549999347888
2024-04-28 16:52:35,536 - INFO - Started test: test_skipped
2024-04-28 16:52:35,536 - INFO - Test 'test_skipped' started with params: {}
2024-04-28 16:52:35,537 - INFO - Test skipped: ('/home/rosh/projects/report-plugin/pytest-report-plugin/pytest_report_plugin/tests/test_all_outcomes.py', 10, 'Skipped: Test is skipped for a reason')
2024-04-28 16:52:35,537 - INFO - 7e332964-4af7-43a9-bc93-26d85877bc6e SKIPPED
2024-04-28 16:52:35,550 - INFO - Finished test: 7e332964-4af7-43a9-bc93-26d85877bc6e, Status: SKIPPED, Exception: None, Duration: None
2024-04-28 16:52:35,562 - INFO - Started test: test_expected_failure
2024-04-28 16:52:35,562 - INFO - Test 'test_expected_failure' started with params: {}
2024-04-28 16:52:35,591 - INFO - Test status: SKIPPED, Duration: 0.0002673859999049455
2024-04-28 16:52:35,591 - INFO - dd3996f0-1abc-4ddf-aecf-cecf21e851f5 SKIPPED
2024-04-28 16:52:35,604 - INFO - Finished test: dd3996f0-1abc-4ddf-aecf-cecf21e851f5, Status: SKIPPED, Exception: /home/rosh/projects/report-plugin/pytest-report-plugin/pytest_report_plugin/tests/test_all_outcomes.py:17: assert False, Duration: 0.0002673859999049455
2024-04-28 16:52:35,616 - INFO - Started test: test_unexpected_failure
2024-04-28 16:52:35,616 - INFO - Test 'test_unexpected_failure' started with params: {}
2024-04-28 16:52:35,619 - INFO - Test status: FAILED, Duration: 0.00029325299965421436
2024-04-28 16:52:35,620 - INFO - c59ecb16-86ff-406a-8ed3-0e393b3ef5a6 FAILED
2024-04-28 16:52:35,631 - INFO - Finished test: c59ecb16-86ff-406a-8ed3-0e393b3ef5a6, Status: FAILED, Exception: /home/rosh/projects/report-plugin/pytest-report-plugin/pytest_report_plugin/tests/test_all_outcomes.py:20: assert False, Duration: 0.00029325299965421436
2024-04-28 16:52:35,643 - INFO - Started test: test_examples[2-2]
2024-04-28 16:52:35,643 - INFO - Test 'test_examples[2-2]' started with params: {'left': 2, 'right': 2}
2024-04-28 16:52:35,645 - INFO - Test status: PASSED, Duration: 0.00021383699959187652
2024-04-28 16:52:35,645 - INFO - 23344c0f-4e20-4c6f-91f6-74b867674c86 PASSED
2024-04-28 16:52:35,656 - INFO - Finished test: 23344c0f-4e20-4c6f-91f6-74b867674c86, Status: PASSED, Exception: None, Duration: 0.00021383699959187652
2024-04-28 16:52:35,669 - INFO - Started test: test_examples[3.14-5.55]
2024-04-28 16:52:35,669 - INFO - Test 'test_examples[3.14-5.55]' started with params: {'left': 3.14, 'right': 5.55}
2024-04-28 16:52:35,669 - INFO - Test skipped: ('/home/rosh/projects/report-plugin/pytest-report-plugin/pytest_report_plugin/tests/test_plugin.py', 5, 'Skipped: Skipped!')
2024-04-28 16:52:35,670 - INFO - 1c1746fa-9214-453c-8d0a-da7432c9c2d5 SKIPPED
2024-04-28 16:52:35,681 - INFO - Finished test: 1c1746fa-9214-453c-8d0a-da7432c9c2d5, Status: SKIPPED, Exception: None, Duration: None
2024-04-28 16:52:35,693 - INFO - Started test: test_examples[nan-42]
2024-04-28 16:52:35,693 - INFO - Test 'test_examples[nan-42]' started with params: {'left': nan, 'right': 42}
2024-04-28 16:52:35,697 - INFO - Test status: FAILED, Duration: 0.00041978099989137263
2024-04-28 16:52:35,698 - INFO - 1f92d4d3-deeb-430b-be3c-d428979e0092 FAILED
2024-04-28 16:52:35,709 - INFO - Finished test: 1f92d4d3-deeb-430b-be3c-d428979e0092, Status: FAILED, Exception: /home/rosh/projects/report-plugin/pytest-report-plugin/pytest_report_plugin/tests/test_plugin.py:14: assert (nan + 42) == (42 + nan), Duration: 0.00041978099989137263
2024-04-28 16:52:35,722 - INFO - Started test: test_properties
2024-04-28 16:52:35,722 - INFO - Test 'test_properties' started with params: {}
2024-04-28 16:52:36,168 - INFO - Test status: FAILED, Duration: 0.4433405340000718
2024-04-28 16:52:36,168 - INFO - 99d5dc5b-6a3e-4713-9cda-b52c733751d9 FAILED
2024-04-28 16:52:36,182 - INFO - Finished test: 99d5dc5b-6a3e-4713-9cda-b52c733751d9, Status: FAILED, Exception: /home/rosh/projects/report-plugin/pytest-report-plugin/pytest_report_plugin/tests/test_plugin.py:21: assert (0 + nan) == (nan + 0), Duration: 0.4433405340000718
2024-04-28 16:52:36,186 - INFO - Test status: FAILED, Duration: 0.00029325299965421436
2024-04-28 16:52:36,186 - INFO - Test status: FAILED, Duration: 0.00041978099989137263
2024-04-28 16:52:36,186 - INFO - Test status: FAILED, Duration: 0.4433405340000718
2024-04-28 16:52:36,201 - INFO - Test run finished
2024-04-28 16:54:21,100 - INFO - Plugin initialized with API URL: http://127.0.0.1:8000, Auth Token: ******
2024-04-28 16:54:21,142 - INFO - <Response [200]>
2024-04-28 16:54:21,142 - INFO - 85a49fe7-ed0f-4c14-8461-7e97c8f6f90b
2024-04-28 16:54:21,142 - INFO - Test run started
2024-04-28 16:54:21,312 - INFO - Started test: test_passing
2024-04-28 16:54:21,313 - INFO - Test 'test_passing' started with params: {}
2024-04-28 16:54:21,349 - INFO - Test status: PASSED, Duration: 0.00019009500010724878
2024-04-28 16:54:21,349 - INFO - f61f4971-eb35-4fbc-9679-18bf0df17db0 PASSED
2024-04-28 16:54:21,366 - INFO - Finished test: f61f4971-eb35-4fbc-9679-18bf0df17db0, Status: PASSED, Exception: None, Duration: 0.00019009500010724878
2024-04-28 16:54:21,379 - INFO - Started test: test_error
2024-04-28 16:54:21,379 - INFO - Test 'test_error' started with params: {}
2024-04-28 16:54:21,380 - INFO - Test status: PASSED, Duration: 0.0002640699999574281
2024-04-28 16:54:21,380 - INFO - 04b51379-3e59-4ddd-afb0-4b450e83bcba PASSED
2024-04-28 16:54:21,391 - INFO - Finished test: 04b51379-3e59-4ddd-afb0-4b450e83bcba, Status: PASSED, Exception: None, Duration: 0.0002640699999574281
2024-04-28 16:54:21,405 - INFO - Started test: test_skipped
2024-04-28 16:54:21,405 - INFO - Test 'test_skipped' started with params: {}
2024-04-28 16:54:21,406 - INFO - Test skipped: ('/home/rosh/projects/report-plugin/pytest-report-plugin/pytest_report_plugin/tests/test_all_outcomes.py', 10, 'Skipped: Test is skipped for a reason')
2024-04-28 16:54:21,406 - INFO - 26c9917d-e966-4559-bba3-f8a8f5ba50ca SKIPPED
2024-04-28 16:54:21,419 - INFO - Finished test: 26c9917d-e966-4559-bba3-f8a8f5ba50ca, Status: SKIPPED, Exception: None, Duration: None
2024-04-28 16:54:21,432 - INFO - Started test: test_expected_failure
2024-04-28 16:54:21,432 - INFO - Test 'test_expected_failure' started with params: {}
2024-04-28 16:54:21,459 - INFO - Test status: SKIPPED, Duration: 0.0002190640002481814
2024-04-28 16:54:21,460 - INFO - 59fe8d26-3e12-46f3-ab32-c47fd9b3a1cd SKIPPED
2024-04-28 16:54:21,473 - INFO - Finished test: 59fe8d26-3e12-46f3-ab32-c47fd9b3a1cd, Status: SKIPPED, Exception: /home/rosh/projects/report-plugin/pytest-report-plugin/pytest_report_plugin/tests/test_all_outcomes.py:17: assert False, Duration: 0.0002190640002481814
2024-04-28 16:54:21,487 - INFO - Started test: test_unexpected_failure
2024-04-28 16:54:21,488 - INFO - Test 'test_unexpected_failure' started with params: {}
2024-04-28 16:54:21,490 - INFO - Test status: FAILED, Duration: 0.00022596000007979455
2024-04-28 16:54:21,490 - INFO - f2528e97-1f95-4265-84ae-352322266502 FAILED
2024-04-28 16:54:21,501 - INFO - Finished test: f2528e97-1f95-4265-84ae-352322266502, Status: FAILED, Exception: /home/rosh/projects/report-plugin/pytest-report-plugin/pytest_report_plugin/tests/test_all_outcomes.py:20: assert False, Duration: 0.00022596000007979455
2024-04-28 16:54:21,513 - INFO - Started test: test_examples[2-2]
2024-04-28 16:54:21,513 - INFO - Test 'test_examples[2-2]' started with params: {'left': 2, 'right': 2}
2024-04-28 16:54:21,514 - INFO - Test status: PASSED, Duration: 0.00015475400005016127
2024-04-28 16:54:21,514 - INFO - 45656732-a743-4188-b7ac-9fceffcedd67 PASSED
2024-04-28 16:54:21,525 - INFO - Finished test: 45656732-a743-4188-b7ac-9fceffcedd67, Status: PASSED, Exception: None, Duration: 0.00015475400005016127
2024-04-28 16:54:21,538 - INFO - Started test: test_examples[3.14-5.55]
2024-04-28 16:54:21,538 - INFO - Test 'test_examples[3.14-5.55]' started with params: {'left': 3.14, 'right': 5.55}
2024-04-28 16:54:21,538 - INFO - Test skipped: ('/home/rosh/projects/report-plugin/pytest-report-plugin/pytest_report_plugin/tests/test_plugin.py', 5, 'Skipped: Skipped!')
2024-04-28 16:54:21,539 - INFO - 690adde8-22d7-42f4-8076-bb64cbc73b0e SKIPPED
2024-04-28 16:54:21,550 - INFO - Finished test: 690adde8-22d7-42f4-8076-bb64cbc73b0e, Status: SKIPPED, Exception: None, Duration: None
2024-04-28 16:54:21,563 - INFO - Started test: test_examples[nan-42]
2024-04-28 16:54:21,563 - INFO - Test 'test_examples[nan-42]' started with params: {'left': nan, 'right': 42}
2024-04-28 16:54:21,568 - INFO - Test status: FAILED, Duration: 0.0004722090002360346
2024-04-28 16:54:21,568 - INFO - fcf02d97-648d-4868-8602-d37b5b62d41a FAILED
2024-04-28 16:54:21,580 - INFO - Finished test: fcf02d97-648d-4868-8602-d37b5b62d41a, Status: FAILED, Exception: /home/rosh/projects/report-plugin/pytest-report-plugin/pytest_report_plugin/tests/test_plugin.py:14: assert (nan + 42) == (42 + nan), Duration: 0.0004722090002360346
2024-04-28 16:54:21,593 - INFO - Started test: test_properties
2024-04-28 16:54:21,594 - INFO - Test 'test_properties' started with params: {}
2024-04-28 16:54:22,040 - INFO - Test status: FAILED, Duration: 0.44409048399984385
2024-04-28 16:54:22,040 - INFO - 0f372bd8-5f16-4f2d-825d-a43e260780d0 FAILED
2024-04-28 16:54:22,054 - INFO - Finished test: 0f372bd8-5f16-4f2d-825d-a43e260780d0, Status: FAILED, Exception: /home/rosh/projects/report-plugin/pytest-report-plugin/pytest_report_plugin/tests/test_plugin.py:21: assert (0 + nan) == (nan + 0), Duration: 0.44409048399984385
2024-04-28 16:54:22,057 - INFO - Test status: FAILED, Duration: 0.00022596000007979455
2024-04-28 16:54:22,057 - INFO - Test status: FAILED, Duration: 0.0004722090002360346
2024-04-28 16:54:22,057 - INFO - Test status: FAILED, Duration: 0.44409048399984385
2024-04-28 16:54:22,071 - INFO - Test run finished
2024-04-28 17:12:23,704 - INFO - Plugin initialized with API URL: http://127.0.0.1:8000, Auth Token: ******
2024-04-28 17:12:23,738 - INFO - <Response [400]>
2024-04-28 17:12:23,738 - INFO - 48b17db4-8cb2-41ae-a130-7b61e2129056
2024-04-28 17:12:23,738 - INFO - Test run started
2024-04-28 17:12:23,916 - INFO - Started test: test_passing
2024-04-28 17:12:23,917 - INFO - Test 'test_passing' started with params: {}
2024-04-28 17:12:23,951 - INFO - Test status: PASSED, Duration: 0.0001822909998736577
2024-04-28 17:12:23,951 - INFO - a05d703c-b4f7-4a3e-a8e0-5756712f6636 PASSED
2024-04-28 17:12:23,956 - INFO - Finished test: a05d703c-b4f7-4a3e-a8e0-5756712f6636, Status: PASSED, Exception: None, Duration: 0.0001822909998736577
2024-04-28 17:12:23,960 - INFO - Started test: test_error
2024-04-28 17:12:23,960 - INFO - Test 'test_error' started with params: {}
2024-04-28 17:12:23,961 - INFO - Test status: PASSED, Duration: 0.00023792199999661534
2024-04-28 17:12:23,961 - INFO - d752c829-3a24-40e8-aa82-d0c4a58d54b0 PASSED
2024-04-28 17:12:23,964 - INFO - Finished test: d752c829-3a24-40e8-aa82-d0c4a58d54b0, Status: PASSED, Exception: None, Duration: 0.00023792199999661534
2024-04-28 17:12:23,968 - INFO - Started test: test_skipped
2024-04-28 17:12:23,968 - INFO - Test 'test_skipped' started with params: {}
2024-04-28 17:12:23,969 - INFO - Test skipped: ('/home/rosh/projects/report-plugin/pytest-report-plugin/pytest_report_plugin/tests/test_all_outcomes.py', 10, 'Skipped: Test is skipped for a reason')
2024-04-28 17:12:23,969 - INFO - c6b1e23f-50c3-4039-8fd9-a361c39c8738 SKIPPED
2024-04-28 17:12:23,973 - INFO - Finished test: c6b1e23f-50c3-4039-8fd9-a361c39c8738, Status: SKIPPED, Exception: None, Duration: None
2024-04-28 17:12:23,977 - INFO - Started test: test_expected_failure
2024-04-28 17:12:23,977 - INFO - Test 'test_expected_failure' started with params: {}
2024-04-28 17:12:24,005 - INFO - Test status: SKIPPED, Duration: 0.00020032900010846788
2024-04-28 17:12:24,006 - INFO - b80c00b1-65be-4e52-a5ad-d60011a47df1 SKIPPED
2024-04-28 17:12:24,009 - INFO - Finished test: b80c00b1-65be-4e52-a5ad-d60011a47df1, Status: SKIPPED, Exception: /home/rosh/projects/report-plugin/pytest-report-plugin/pytest_report_plugin/tests/test_all_outcomes.py:17: assert False, Duration: 0.00020032900010846788
2024-04-28 17:12:24,013 - INFO - Started test: test_unexpected_failure
2024-04-28 17:12:24,013 - INFO - Test 'test_unexpected_failure' started with params: {}
2024-04-28 17:12:24,016 - INFO - Test status: FAILED, Duration: 0.00020275299993954832
2024-04-28 17:12:24,016 - INFO - 5e9afe7b-0ce5-4246-9c7b-3628f5857de1 FAILED
2024-04-28 17:12:24,019 - INFO - Finished test: 5e9afe7b-0ce5-4246-9c7b-3628f5857de1, Status: FAILED, Exception: /home/rosh/projects/report-plugin/pytest-report-plugin/pytest_report_plugin/tests/test_all_outcomes.py:20: assert False, Duration: 0.00020275299993954832
2024-04-28 17:12:24,023 - INFO - Started test: test_examples[2-2]
2024-04-28 17:12:24,023 - INFO - Test 'test_examples[2-2]' started with params: {'left': 2, 'right': 2}
2024-04-28 17:12:24,024 - INFO - Test status: PASSED, Duration: 0.00013529500029108021
2024-04-28 17:12:24,024 - INFO - d18835ac-d9a6-4722-9c3d-0da711b1df80 PASSED
2024-04-28 17:12:24,027 - INFO - Finished test: d18835ac-d9a6-4722-9c3d-0da711b1df80, Status: PASSED, Exception: None, Duration: 0.00013529500029108021
2024-04-28 17:12:24,031 - INFO - Started test: test_examples[3.14-5.55]
2024-04-28 17:12:24,032 - INFO - Test 'test_examples[3.14-5.55]' started with params: {'left': 3.14, 'right': 5.55}
2024-04-28 17:12:24,032 - INFO - Test skipped: ('/home/rosh/projects/report-plugin/pytest-report-plugin/pytest_report_plugin/tests/test_plugin.py', 5, 'Skipped: Skipped!')
2024-04-28 17:12:24,032 - INFO - 12ba0c10-f611-488a-939f-39770e4243bb SKIPPED
2024-04-28 17:12:24,035 - INFO - Finished test: 12ba0c10-f611-488a-939f-39770e4243bb, Status: SKIPPED, Exception: None, Duration: None
2024-04-28 17:12:24,039 - INFO - Started test: test_examples[nan-42]
2024-04-28 17:12:24,039 - INFO - Test 'test_examples[nan-42]' started with params: {'left': nan, 'right': 42}
2024-04-28 17:12:24,042 - INFO - Test status: FAILED, Duration: 0.0003234229998270166
2024-04-28 17:12:24,043 - INFO - d951dc50-5e3f-4bc5-a92a-b0b9fc779ca1 FAILED
2024-04-28 17:12:24,046 - INFO - Finished test: d951dc50-5e3f-4bc5-a92a-b0b9fc779ca1, Status: FAILED, Exception: /home/rosh/projects/report-plugin/pytest-report-plugin/pytest_report_plugin/tests/test_plugin.py:14: assert (nan + 42) == (42 + nan), Duration: 0.0003234229998270166
2024-04-28 17:12:24,049 - INFO - Started test: test_properties
2024-04-28 17:12:24,050 - INFO - Test 'test_properties' started with params: {}
2024-04-28 17:12:24,503 - INFO - Test status: FAILED, Duration: 0.45163615999990725
2024-04-28 17:12:24,504 - INFO - 68a4ae51-c4b9-4fad-9153-f8ac7e0b95a5 FAILED
2024-04-28 17:12:24,508 - INFO - Finished test: 68a4ae51-c4b9-4fad-9153-f8ac7e0b95a5, Status: FAILED, Exception: /home/rosh/projects/report-plugin/pytest-report-plugin/pytest_report_plugin/tests/test_plugin.py:21: assert (0 + nan) == (nan + 0), Duration: 0.45163615999990725
2024-04-28 17:12:24,512 - INFO - Test status: FAILED, Duration: 0.00020275299993954832
2024-04-28 17:12:24,512 - INFO - Test status: FAILED, Duration: 0.0003234229998270166
2024-04-28 17:12:24,512 - INFO - Test status: FAILED, Duration: 0.45163615999990725
2024-04-28 17:12:24,516 - INFO - Test run finished
2024-04-28 17:12:44,239 - INFO - Plugin initialized with API URL: http://127.0.0.1:8000, Auth Token: ******
2024-04-28 17:12:44,271 - INFO - <Response [400]>
2024-04-28 17:12:44,272 - INFO - ed29314c-e6a5-4775-8da4-09aec0303b3d
2024-04-28 17:12:44,272 - INFO - Test run started
2024-04-28 17:12:44,434 - INFO - Started test: test_passing
2024-04-28 17:12:44,434 - INFO - Test 'test_passing' started with params: {}
2024-04-28 17:12:44,467 - INFO - Test status: PASSED, Duration: 0.00018520999992688303
2024-04-28 17:12:44,467 - INFO - 171c991f-f796-4cad-8335-5b04ead5df9b PASSED
2024-04-28 17:12:44,473 - INFO - Finished test: 171c991f-f796-4cad-8335-5b04ead5df9b, Status: PASSED, Exception: None, Duration: 0.00018520999992688303
2024-04-28 17:12:44,476 - INFO - Started test: test_error
2024-04-28 17:12:44,477 - INFO - Test 'test_error' started with params: {}
2024-04-28 17:12:44,477 - INFO - Test status: PASSED, Duration: 0.0002466790001562913
2024-04-28 17:12:44,478 - INFO - eb5d8efc-c854-4ae1-9221-871d4b6f261c PASSED
2024-04-28 17:12:44,481 - INFO - Finished test: eb5d8efc-c854-4ae1-9221-871d4b6f261c, Status: PASSED, Exception: None, Duration: 0.0002466790001562913
2024-04-28 17:12:44,485 - INFO - Started test: test_skipped
2024-04-28 17:12:44,485 - INFO - Test 'test_skipped' started with params: {}
2024-04-28 17:12:44,485 - INFO - Test skipped: ('/home/rosh/projects/report-plugin/pytest-report-plugin/pytest_report_plugin/tests/test_all_outcomes.py', 10, 'Skipped: Test is skipped for a reason')
2024-04-28 17:12:44,486 - INFO - 30361bd1-e2c1-431a-b88a-9d20fcea12b2 SKIPPED
2024-04-28 17:12:44,490 - INFO - Finished test: 30361bd1-e2c1-431a-b88a-9d20fcea12b2, Status: SKIPPED, Exception: None, Duration: None
2024-04-28 17:12:44,493 - INFO - Started test: test_expected_failure
2024-04-28 17:12:44,493 - INFO - Test 'test_expected_failure' started with params: {}
2024-04-28 17:12:44,521 - INFO - Test status: SKIPPED, Duration: 0.00020110700006625848
2024-04-28 17:12:44,521 - INFO - 3ca6256b-1196-4e5c-a689-a5c1c924790c SKIPPED
2024-04-28 17:12:44,525 - INFO - Finished test: 3ca6256b-1196-4e5c-a689-a5c1c924790c, Status: SKIPPED, Exception: /home/rosh/projects/report-plugin/pytest-report-plugin/pytest_report_plugin/tests/test_all_outcomes.py:17: assert False, Duration: 0.00020110700006625848
2024-04-28 17:12:44,529 - INFO - Started test: test_unexpected_failure
2024-04-28 17:12:44,529 - INFO - Test 'test_unexpected_failure' started with params: {}
2024-04-28 17:12:44,531 - INFO - Test status: FAILED, Duration: 0.00022193299992068205
2024-04-28 17:12:44,531 - INFO - 28913b0c-25ed-47c5-a7a1-2801cd4a5182 FAILED
2024-04-28 17:12:44,535 - INFO - Finished test: 28913b0c-25ed-47c5-a7a1-2801cd4a5182, Status: FAILED, Exception: /home/rosh/projects/report-plugin/pytest-report-plugin/pytest_report_plugin/tests/test_all_outcomes.py:20: assert False, Duration: 0.00022193299992068205
2024-04-28 17:12:44,538 - INFO - Started test: test_examples[2-2]
2024-04-28 17:12:44,539 - INFO - Test 'test_examples[2-2]' started with params: {'left': 2, 'right': 2}
2024-04-28 17:12:44,539 - INFO - Test status: PASSED, Duration: 0.00015047600027173758
2024-04-28 17:12:44,540 - INFO - fbad0581-5a84-4d7d-8c1e-fc03882d9c8b PASSED
2024-04-28 17:12:44,543 - INFO - Finished test: fbad0581-5a84-4d7d-8c1e-fc03882d9c8b, Status: PASSED, Exception: None, Duration: 0.00015047600027173758
2024-04-28 17:12:44,546 - INFO - Started test: test_examples[3.14-5.55]
2024-04-28 17:12:44,547 - INFO - Test 'test_examples[3.14-5.55]' started with params: {'left': 3.14, 'right': 5.55}
2024-04-28 17:12:44,547 - INFO - Test skipped: ('/home/rosh/projects/report-plugin/pytest-report-plugin/pytest_report_plugin/tests/test_plugin.py', 5, 'Skipped: Skipped!')
2024-04-28 17:12:44,547 - INFO - e75eb7bf-0b6e-442d-a42d-555c412cad1c SKIPPED
2024-04-28 17:12:44,551 - INFO - Finished test: e75eb7bf-0b6e-442d-a42d-555c412cad1c, Status: SKIPPED, Exception: None, Duration: None
2024-04-28 17:12:44,554 - INFO - Started test: test_examples[nan-42]
2024-04-28 17:12:44,555 - INFO - Test 'test_examples[nan-42]' started with params: {'left': nan, 'right': 42}
2024-04-28 17:12:44,557 - INFO - Test status: FAILED, Duration: 0.0003195559997948294
2024-04-28 17:12:44,558 - INFO - 4e8a2217-f0a9-44b3-8364-6345de519293 FAILED
2024-04-28 17:12:44,561 - INFO - Finished test: 4e8a2217-f0a9-44b3-8364-6345de519293, Status: FAILED, Exception: /home/rosh/projects/report-plugin/pytest-report-plugin/pytest_report_plugin/tests/test_plugin.py:14: assert (nan + 42) == (42 + nan), Duration: 0.0003195559997948294
2024-04-28 17:12:44,565 - INFO - Started test: test_properties
2024-04-28 17:12:44,565 - INFO - Test 'test_properties' started with params: {}
2024-04-28 17:12:45,007 - INFO - Test status: FAILED, Duration: 0.4401640920000318
2024-04-28 17:12:45,007 - INFO - d6afdbe6-a964-4e05-b8d6-41c64a3fd925 FAILED
2024-04-28 17:12:45,012 - INFO - Finished test: d6afdbe6-a964-4e05-b8d6-41c64a3fd925, Status: FAILED, Exception: /home/rosh/projects/report-plugin/pytest-report-plugin/pytest_report_plugin/tests/test_plugin.py:21: assert (0 + nan) == (nan + 0), Duration: 0.4401640920000318
2024-04-28 17:12:45,015 - INFO - Test status: FAILED, Duration: 0.00022193299992068205
2024-04-28 17:12:45,015 - INFO - Test status: FAILED, Duration: 0.0003195559997948294
2024-04-28 17:12:45,016 - INFO - Test status: FAILED, Duration: 0.4401640920000318
2024-04-28 17:12:45,019 - INFO - Test run finished
2024-04-28 17:14:38,102 - INFO - Plugin initialized with API URL: http://127.0.0.1:8000, Auth Token: ******
2024-04-28 17:14:38,125 - INFO - <Response [400]>
2024-04-28 17:14:38,126 - INFO - 880903d0-45ef-4634-bdfc-05e0da9f3c03
2024-04-28 17:14:38,126 - INFO - Test run started
2024-04-28 17:14:38,239 - INFO - Started test: test_passing
2024-04-28 17:14:38,239 - INFO - Test 'test_passing' started with params: {}
2024-04-28 17:14:38,266 - INFO - Test status: PASSED, Duration: 0.00014892199942551088
2024-04-28 17:14:38,266 - INFO - 18fbfd26-00fa-4377-9bcb-32e3c75ad6e4 PASSED
2024-04-28 17:14:38,270 - INFO - Finished test: 18fbfd26-00fa-4377-9bcb-32e3c75ad6e4, Status: PASSED, Exception: None, Duration: 0.00014892199942551088
2024-04-28 17:14:38,274 - INFO - Started test: test_error
2024-04-28 17:14:38,274 - INFO - Test 'test_error' started with params: {}
2024-04-28 17:14:38,274 - INFO - Test status: PASSED, Duration: 0.00024171599943656474
2024-04-28 17:14:38,274 - INFO - b6454341-2790-4035-a123-739fd1af72e9 PASSED
2024-04-28 17:14:38,278 - INFO - Finished test: b6454341-2790-4035-a123-739fd1af72e9, Status: PASSED, Exception: None, Duration: 0.00024171599943656474
2024-04-28 17:14:38,282 - INFO - Started test: test_skipped
2024-04-28 17:14:38,283 - INFO - Test 'test_skipped' started with params: {}
2024-04-28 17:14:38,283 - INFO - Test skipped: ('/home/rosh/projects/report-plugin/pytest-report-plugin/pytest_report_plugin/tests/test_all_outcomes.py', 10, 'Skipped: Test is skipped for a reason')
2024-04-28 17:14:38,284 - INFO - 02b5431c-0e4c-460b-8cfe-b1364d617ef5 SKIPPED
2024-04-28 17:14:38,289 - INFO - Finished test: 02b5431c-0e4c-460b-8cfe-b1364d617ef5, Status: SKIPPED, Exception: None, Duration: None
2024-04-28 17:14:38,292 - INFO - Started test: test_expected_failure
2024-04-28 17:14:38,292 - INFO - Test 'test_expected_failure' started with params: {}
2024-04-28 17:14:38,314 - INFO - Test status: SKIPPED, Duration: 0.0001595819994690828
2024-04-28 17:14:38,315 - INFO - aad9cdc0-5a16-44e3-aded-e3c48358cc62 SKIPPED
2024-04-28 17:14:38,318 - INFO - Finished test: aad9cdc0-5a16-44e3-aded-e3c48358cc62, Status: SKIPPED, Exception: /home/rosh/projects/report-plugin/pytest-report-plugin/pytest_report_plugin/tests/test_all_outcomes.py:17: assert False, Duration: 0.0001595819994690828
2024-04-28 17:14:38,322 - INFO - Started test: test_unexpected_failure
2024-04-28 17:14:38,322 - INFO - Test 'test_unexpected_failure' started with params: {}
2024-04-28 17:14:38,323 - INFO - Test status: FAILED, Duration: 0.00015616299970133696
2024-04-28 17:14:38,324 - INFO - 9798e106-4538-4d72-9561-4bda9a866459 FAILED
2024-04-28 17:14:38,326 - INFO - Finished test: 9798e106-4538-4d72-9561-4bda9a866459, Status: FAILED, Exception: /home/rosh/projects/report-plugin/pytest-report-plugin/pytest_report_plugin/tests/test_all_outcomes.py:20: assert False, Duration: 0.00015616299970133696
2024-04-28 17:14:38,329 - INFO - Started test: test_examples[2-2]
2024-04-28 17:14:38,329 - INFO - Test 'test_examples[2-2]' started with params: {'left': 2, 'right': 2}
2024-04-28 17:14:38,330 - INFO - Test status: PASSED, Duration: 0.00013123799999448238
2024-04-28 17:14:38,330 - INFO - 6a8ac136-2a39-4484-af29-aaac1935a01d PASSED
2024-04-28 17:14:38,333 - INFO - Finished test: 6a8ac136-2a39-4484-af29-aaac1935a01d, Status: PASSED, Exception: None, Duration: 0.00013123799999448238
2024-04-28 17:14:38,336 - INFO - Started test: test_examples[3.14-5.55]
2024-04-28 17:14:38,336 - INFO - Test 'test_examples[3.14-5.55]' started with params: {'left': 3.14, 'right': 5.55}
2024-04-28 17:14:38,336 - INFO - Test skipped: ('/home/rosh/projects/report-plugin/pytest-report-plugin/pytest_report_plugin/tests/test_plugin.py', 5, 'Skipped: Skipped!')
2024-04-28 17:14:38,336 - INFO - a88f6e3a-086f-49b2-a778-e015b150e317 SKIPPED
2024-04-28 17:14:38,339 - INFO - Finished test: a88f6e3a-086f-49b2-a778-e015b150e317, Status: SKIPPED, Exception: None, Duration: None
2024-04-28 17:14:38,343 - INFO - Started test: test_examples[nan-42]
2024-04-28 17:14:38,343 - INFO - Test 'test_examples[nan-42]' started with params: {'left': nan, 'right': 42}
2024-04-28 17:14:38,347 - INFO - Test status: FAILED, Duration: 0.00040816900036588777
2024-04-28 17:14:38,347 - INFO - a7e74a80-0ace-4a12-8fbb-cb6333da3402 FAILED
2024-04-28 17:14:38,349 - INFO - Finished test: a7e74a80-0ace-4a12-8fbb-cb6333da3402, Status: FAILED, Exception: /home/rosh/projects/report-plugin/pytest-report-plugin/pytest_report_plugin/tests/test_plugin.py:14: assert (nan + 42) == (42 + nan), Duration: 0.00040816900036588777
2024-04-28 17:14:38,352 - INFO - Started test: test_properties
2024-04-28 17:14:38,352 - INFO - Test 'test_properties' started with params: {}
2024-04-28 17:14:38,783 - INFO - Test status: FAILED, Duration: 0.4288940670003285
2024-04-28 17:14:38,784 - INFO - 84ec11da-22fa-4fb9-bb03-83d3dd1b3371 FAILED
2024-04-28 17:14:38,788 - INFO - Finished test: 84ec11da-22fa-4fb9-bb03-83d3dd1b3371, Status: FAILED, Exception: /home/rosh/projects/report-plugin/pytest-report-plugin/pytest_report_plugin/tests/test_plugin.py:21: assert (0 + nan) == (nan + 0), Duration: 0.4288940670003285
2024-04-28 17:14:38,791 - INFO - Test status: FAILED, Duration: 0.00015616299970133696
2024-04-28 17:14:38,792 - INFO - Test status: FAILED, Duration: 0.00040816900036588777
2024-04-28 17:14:38,792 - INFO - Test status: FAILED, Duration: 0.4288940670003285
2024-04-28 17:14:38,796 - INFO - Test run finished
2024-04-28 17:15:19,693 - INFO - Plugin initialized with API URL: http://127.0.0.1:8000, Auth Token: ******
2024-04-28 17:15:19,737 - INFO - <Response [200]>
2024-04-28 17:15:19,737 - INFO - bc338faf-7b15-47b1-86e5-06460128312e
2024-04-28 17:15:19,737 - INFO - Test run started
2024-04-28 17:15:19,911 - INFO - Started test: test_passing
2024-04-28 17:15:19,912 - INFO - Test 'test_passing' started with params: {}
2024-04-28 17:15:19,948 - INFO - Test status: PASSED, Duration: 0.0001934729998538387
2024-04-28 17:15:19,948 - INFO - 5581f95c-0e5d-4620-8e69-ac512b916bbe PASSED
2024-04-28 17:15:19,964 - INFO - Finished test: 5581f95c-0e5d-4620-8e69-ac512b916bbe, Status: PASSED, Exception: None, Duration: 0.0001934729998538387
2024-04-28 17:15:19,978 - INFO - Started test: test_error
2024-04-28 17:15:19,978 - INFO - Test 'test_error' started with params: {}
2024-04-28 17:15:19,979 - INFO - Test status: PASSED, Duration: 0.0002609769999253331
2024-04-28 17:15:19,979 - INFO - 0bd0a38a-2912-45ee-ac75-3b6532a1dfab PASSED
2024-04-28 17:15:19,990 - INFO - Finished test: 0bd0a38a-2912-45ee-ac75-3b6532a1dfab, Status: PASSED, Exception: None, Duration: 0.0002609769999253331
2024-04-28 17:15:20,001 - INFO - Started test: test_skipped
2024-04-28 17:15:20,002 - INFO - Test 'test_skipped' started with params: {}
2024-04-28 17:15:20,002 - INFO - Test skipped: ('/home/rosh/projects/report-plugin/pytest-report-plugin/pytest_report_plugin/tests/test_all_outcomes.py', 10, 'Skipped: Test is skipped for a reason')
2024-04-28 17:15:20,003 - INFO - 7fe0d97e-1cc5-4e4c-b037-bb77627586d8 SKIPPED
2024-04-28 17:15:20,016 - INFO - Finished test: 7fe0d97e-1cc5-4e4c-b037-bb77627586d8, Status: SKIPPED, Exception: None, Duration: None
2024-04-28 17:15:20,027 - INFO - Started test: test_expected_failure
2024-04-28 17:15:20,028 - INFO - Test 'test_expected_failure' started with params: {}
2024-04-28 17:15:20,056 - INFO - Test status: SKIPPED, Duration: 0.0003076450002481579
2024-04-28 17:15:20,057 - INFO - 8bc0c49d-5b2d-4eb6-93da-e2457c9fd95d SKIPPED
2024-04-28 17:15:20,069 - INFO - Finished test: 8bc0c49d-5b2d-4eb6-93da-e2457c9fd95d, Status: SKIPPED, Exception: /home/rosh/projects/report-plugin/pytest-report-plugin/pytest_report_plugin/tests/test_all_outcomes.py:17: assert False, Duration: 0.0003076450002481579
2024-04-28 17:15:20,081 - INFO - Started test: test_unexpected_failure
2024-04-28 17:15:20,082 - INFO - Test 'test_unexpected_failure' started with params: {}
2024-04-28 17:15:20,084 - INFO - Test status: FAILED, Duration: 0.00022935299966775347
2024-04-28 17:15:20,084 - INFO - 95b43545-d1a6-44ca-b488-133b0a59cc82 FAILED
2024-04-28 17:15:20,095 - INFO - Finished test: 95b43545-d1a6-44ca-b488-133b0a59cc82, Status: FAILED, Exception: /home/rosh/projects/report-plugin/pytest-report-plugin/pytest_report_plugin/tests/test_all_outcomes.py:20: assert False, Duration: 0.00022935299966775347
2024-04-28 17:15:20,107 - INFO - Started test: test_examples[2-2]
2024-04-28 17:15:20,107 - INFO - Test 'test_examples[2-2]' started with params: {'left': 2, 'right': 2}
2024-04-28 17:15:20,108 - INFO - Test status: PASSED, Duration: 0.00019739600065804552
2024-04-28 17:15:20,108 - INFO - 2585bc61-3fa1-43b8-bddb-5987eadc26e4 PASSED
2024-04-28 17:15:20,119 - INFO - Finished test: 2585bc61-3fa1-43b8-bddb-5987eadc26e4, Status: PASSED, Exception: None, Duration: 0.00019739600065804552
2024-04-28 17:15:20,131 - INFO - Started test: test_examples[3.14-5.55]
2024-04-28 17:15:20,131 - INFO - Test 'test_examples[3.14-5.55]' started with params: {'left': 3.14, 'right': 5.55}
2024-04-28 17:15:20,132 - INFO - Test skipped: ('/home/rosh/projects/report-plugin/pytest-report-plugin/pytest_report_plugin/tests/test_plugin.py', 5, 'Skipped: Skipped!')
2024-04-28 17:15:20,132 - INFO - a1f6c705-db72-4a9f-9616-11f0524cd30a SKIPPED
2024-04-28 17:15:20,144 - INFO - Finished test: a1f6c705-db72-4a9f-9616-11f0524cd30a, Status: SKIPPED, Exception: None, Duration: None
2024-04-28 17:15:20,156 - INFO - Started test: test_examples[nan-42]
2024-04-28 17:15:20,157 - INFO - Test 'test_examples[nan-42]' started with params: {'left': nan, 'right': 42}
2024-04-28 17:15:20,160 - INFO - Test status: FAILED, Duration: 0.00042574899998726323
2024-04-28 17:15:20,161 - INFO - 97db45d1-41b8-4271-b003-357f4253b709 FAILED
2024-04-28 17:15:20,172 - INFO - Finished test: 97db45d1-41b8-4271-b003-357f4253b709, Status: FAILED, Exception: /home/rosh/projects/report-plugin/pytest-report-plugin/pytest_report_plugin/tests/test_plugin.py:14: assert (nan + 42) == (42 + nan), Duration: 0.00042574899998726323
2024-04-28 17:15:20,184 - INFO - Started test: test_properties
2024-04-28 17:15:20,184 - INFO - Test 'test_properties' started with params: {}
2024-04-28 17:15:20,625 - INFO - Test status: FAILED, Duration: 0.43800135099991166
2024-04-28 17:15:20,625 - INFO - 240297be-fe54-4430-8182-5f6270becaf0 FAILED
2024-04-28 17:15:20,639 - INFO - Finished test: 240297be-fe54-4430-8182-5f6270becaf0, Status: FAILED, Exception: /home/rosh/projects/report-plugin/pytest-report-plugin/pytest_report_plugin/tests/test_plugin.py:21: assert (0 + nan) == (nan + 0), Duration: 0.43800135099991166
2024-04-28 17:15:20,644 - INFO - Test status: FAILED, Duration: 0.00022935299966775347
2024-04-28 17:15:20,644 - INFO - Test status: FAILED, Duration: 0.00042574899998726323
2024-04-28 17:15:20,644 - INFO - Test status: FAILED, Duration: 0.43800135099991166
2024-04-28 17:15:20,658 - INFO - Test run finished
2024-04-28 17:32:47,064 - INFO - Plugin initialized with API URL: http://127.0.0.1:8000, Auth Token: ******
2024-04-28 17:32:47,087 - INFO - <Response [400]>
2024-04-28 17:32:47,087 - INFO - 18b67e0a-213e-4366-b3c0-0dbae604ff7a
2024-04-28 17:32:47,087 - INFO - Test run started
2024-04-28 17:32:47,250 - INFO - Started test: test_passing
2024-04-28 17:32:47,251 - INFO - Test 'test_passing' started with params: {}
2024-04-28 17:32:47,284 - INFO - Test status: PASSED, Duration: 0.00020654699983424507
2024-04-28 17:32:47,284 - INFO - 2af54e98-ecce-4c44-bacb-7e62dc68d8c7 PASSED
2024-04-28 17:32:47,289 - INFO - Finished test: 2af54e98-ecce-4c44-bacb-7e62dc68d8c7, Status: PASSED, Exception: None, Duration: 0.00020654699983424507
2024-04-28 17:32:47,293 - INFO - Started test: test_error
2024-04-28 17:32:47,294 - INFO - Test 'test_error' started with params: {}
2024-04-28 17:32:47,294 - INFO - Test status: PASSED, Duration: 0.0002465979996486567
2024-04-28 17:32:47,294 - INFO - d548a7d6-c97c-4167-adf2-356c71385a22 PASSED
2024-04-28 17:32:47,298 - INFO - Finished test: d548a7d6-c97c-4167-adf2-356c71385a22, Status: PASSED, Exception: None, Duration: 0.0002465979996486567
2024-04-28 17:32:47,302 - INFO - Started test: test_skipped
2024-04-28 17:32:47,302 - INFO - Test 'test_skipped' started with params: {}
2024-04-28 17:32:47,303 - INFO - Test skipped: ('/home/rosh/projects/report-plugin/pytest-report-plugin/pytest_report_plugin/tests/test_all_outcomes.py', 10, 'Skipped: Test is skipped for a reason')
2024-04-28 17:32:47,303 - INFO - a419a571-9514-41d6-9717-ea0075e33d73 SKIPPED
2024-04-28 17:32:47,307 - INFO - Finished test: a419a571-9514-41d6-9717-ea0075e33d73, Status: SKIPPED, Exception: None, Duration: None
2024-04-28 17:32:47,311 - INFO - Started test: test_expected_failure
2024-04-28 17:32:47,311 - INFO - Test 'test_expected_failure' started with params: {}
2024-04-28 17:32:47,338 - INFO - Test status: SKIPPED, Duration: 0.00021856500006833812
2024-04-28 17:32:47,339 - INFO - 8d487e3a-5d3f-4151-89e9-36aa89547876 SKIPPED
2024-04-28 17:32:47,343 - INFO - Finished test: 8d487e3a-5d3f-4151-89e9-36aa89547876, Status: SKIPPED, Exception: /home/rosh/projects/report-plugin/pytest-report-plugin/pytest_report_plugin/tests/test_all_outcomes.py:17: assert False, Duration: 0.00021856500006833812
2024-04-28 17:32:47,347 - INFO - Started test: test_unexpected_failure
2024-04-28 17:32:47,348 - INFO - Test 'test_unexpected_failure' started with params: {}
2024-04-28 17:32:47,350 - INFO - Test status: FAILED, Duration: 0.00021800900049129268
2024-04-28 17:32:47,350 - INFO - a2cc5b99-197c-4ab7-976d-0ebe4a39aff1 FAILED
2024-04-28 17:32:47,353 - INFO - Finished test: a2cc5b99-197c-4ab7-976d-0ebe4a39aff1, Status: FAILED, Exception: /home/rosh/projects/report-plugin/pytest-report-plugin/pytest_report_plugin/tests/test_all_outcomes.py:20: assert False, Duration: 0.00021800900049129268
2024-04-28 17:32:47,357 - INFO - Started test: test_examples[2-2]
2024-04-28 17:32:47,357 - INFO - Test 'test_examples[2-2]' started with params: {'left': 2, 'right': 2}
2024-04-28 17:32:47,358 - INFO - Test status: PASSED, Duration: 0.00014630300029239152
2024-04-28 17:32:47,358 - INFO - 5885cc24-45c0-437e-8a7a-42bb90ee8dcb PASSED
2024-04-28 17:32:47,362 - INFO - Finished test: 5885cc24-45c0-437e-8a7a-42bb90ee8dcb, Status: PASSED, Exception: None, Duration: 0.00014630300029239152
2024-04-28 17:32:47,366 - INFO - Started test: test_examples[3.14-5.55]
2024-04-28 17:32:47,366 - INFO - Test 'test_examples[3.14-5.55]' started with params: {'left': 3.14, 'right': 5.55}
2024-04-28 17:32:47,367 - INFO - Test skipped: ('/home/rosh/projects/report-plugin/pytest-report-plugin/pytest_report_plugin/tests/test_plugin.py', 5, 'Skipped: Skipped!')
2024-04-28 17:32:47,367 - INFO - 288e68e2-34d7-4eec-ae97-52dc4a40dcfa SKIPPED
2024-04-28 17:32:47,370 - INFO - Finished test: 288e68e2-34d7-4eec-ae97-52dc4a40dcfa, Status: SKIPPED, Exception: None, Duration: None
2024-04-28 17:32:47,374 - INFO - Started test: test_examples[nan-42]
2024-04-28 17:32:47,374 - INFO - Test 'test_examples[nan-42]' started with params: {'left': nan, 'right': 42}
2024-04-28 17:32:47,377 - INFO - Test status: FAILED, Duration: 0.0003521779999573482
2024-04-28 17:32:47,377 - INFO - cd1fbc2a-057c-4dc2-bbd4-50d89829500f FAILED
2024-04-28 17:32:47,381 - INFO - Finished test: cd1fbc2a-057c-4dc2-bbd4-50d89829500f, Status: FAILED, Exception: /home/rosh/projects/report-plugin/pytest-report-plugin/pytest_report_plugin/tests/test_plugin.py:14: assert (nan + 42) == (42 + nan), Duration: 0.0003521779999573482
2024-04-28 17:32:47,385 - INFO - Started test: test_properties
2024-04-28 17:32:47,385 - INFO - Test 'test_properties' started with params: {}
2024-04-28 17:32:47,840 - INFO - Test status: FAILED, Duration: 0.4518891130001066
2024-04-28 17:32:47,840 - INFO - a2ba0362-6aea-4563-bc11-0339f880e2ec FAILED
2024-04-28 17:32:47,845 - INFO - Finished test: a2ba0362-6aea-4563-bc11-0339f880e2ec, Status: FAILED, Exception: /home/rosh/projects/report-plugin/pytest-report-plugin/pytest_report_plugin/tests/test_plugin.py:21: assert (0 + nan) == (nan + 0), Duration: 0.4518891130001066
2024-04-28 17:32:47,848 - INFO - Test status: FAILED, Duration: 0.00021800900049129268
2024-04-28 17:32:47,848 - INFO - Test status: FAILED, Duration: 0.0003521779999573482
2024-04-28 17:32:47,849 - INFO - Test status: FAILED, Duration: 0.4518891130001066
2024-04-28 17:32:47,853 - INFO - Test run finished
2024-04-28 17:33:27,349 - INFO - Plugin initialized with API URL: http://127.0.0.1:8000, Auth Token: ******
2024-04-28 17:33:27,392 - INFO - <Response [200]>
2024-04-28 17:33:27,393 - INFO - bea36027-a4fa-423e-a4c3-1171e8ca0240
2024-04-28 17:33:27,393 - INFO - Test run started
2024-04-28 17:33:27,565 - INFO - Started test: test_passing
2024-04-28 17:33:27,566 - INFO - Test 'test_passing' started with params: {}
2024-04-28 17:33:27,600 - INFO - Test status: PASSED, Duration: 0.00022329100011120318
2024-04-28 17:33:27,600 - INFO - 7e083189-3029-4901-b6eb-d26cb9c927e6 PASSED
2024-04-28 17:33:27,616 - INFO - Finished test: 7e083189-3029-4901-b6eb-d26cb9c927e6, Status: PASSED, Exception: None, Duration: 0.00022329100011120318
2024-04-28 17:33:27,628 - INFO - Started test: test_error
2024-04-28 17:33:27,629 - INFO - Test 'test_error' started with params: {}
2024-04-28 17:33:27,630 - INFO - Test status: PASSED, Duration: 0.0003228030000173021
2024-04-28 17:33:27,630 - INFO - ae9e873f-99f7-404e-a01b-354f3dd3a5ce PASSED
2024-04-28 17:33:27,640 - INFO - Finished test: ae9e873f-99f7-404e-a01b-354f3dd3a5ce, Status: PASSED, Exception: None, Duration: 0.0003228030000173021
2024-04-28 17:33:27,653 - INFO - Started test: test_skipped
2024-04-28 17:33:27,653 - INFO - Test 'test_skipped' started with params: {}
2024-04-28 17:33:27,654 - INFO - Test skipped: ('/home/rosh/projects/report-plugin/pytest-report-plugin/pytest_report_plugin/tests/test_all_outcomes.py', 10, 'Skipped: Test is skipped for a reason')
2024-04-28 17:33:27,655 - INFO - d88b05cb-7b74-4c14-bebb-0607cc32b785 SKIPPED
2024-04-28 17:33:27,668 - INFO - Finished test: d88b05cb-7b74-4c14-bebb-0607cc32b785, Status: SKIPPED, Exception: None, Duration: None
2024-04-28 17:33:27,680 - INFO - Started test: test_expected_failure
2024-04-28 17:33:27,680 - INFO - Test 'test_expected_failure' started with params: {}
2024-04-28 17:33:27,708 - INFO - Test status: SKIPPED, Duration: 0.00028724900039378554
2024-04-28 17:33:27,709 - INFO - d2ae339f-84dc-4ed9-8352-258411442a66 SKIPPED
2024-04-28 17:33:27,721 - INFO - Finished test: d2ae339f-84dc-4ed9-8352-258411442a66, Status: SKIPPED, Exception: /home/rosh/projects/report-plugin/pytest-report-plugin/pytest_report_plugin/tests/test_all_outcomes.py:17: assert False, Duration: 0.00028724900039378554
2024-04-28 17:33:27,733 - INFO - Started test: test_unexpected_failure
2024-04-28 17:33:27,734 - INFO - Test 'test_unexpected_failure' started with params: {}
2024-04-28 17:33:27,736 - INFO - Test status: FAILED, Duration: 0.00024830699931044364
2024-04-28 17:33:27,736 - INFO - a56b0551-4c65-433e-8f1b-b37ef050f389 FAILED
2024-04-28 17:33:27,748 - INFO - Finished test: a56b0551-4c65-433e-8f1b-b37ef050f389, Status: FAILED, Exception: /home/rosh/projects/report-plugin/pytest-report-plugin/pytest_report_plugin/tests/test_all_outcomes.py:20: assert False, Duration: 0.00024830699931044364
2024-04-28 17:33:27,761 - INFO - Started test: test_examples[2-2]
2024-04-28 17:33:27,762 - INFO - Test 'test_examples[2-2]' started with params: {'left': 2, 'right': 2}
2024-04-28 17:33:27,762 - INFO - Test status: PASSED, Duration: 0.0001743990005707019
2024-04-28 17:33:27,763 - INFO - 67cda59b-2a0d-40ce-a4ae-f67ba1ef2673 PASSED
2024-04-28 17:33:27,774 - INFO - Finished test: 67cda59b-2a0d-40ce-a4ae-f67ba1ef2673, Status: PASSED, Exception: None, Duration: 0.0001743990005707019
2024-04-28 17:33:27,786 - INFO - Started test: test_examples[3.14-5.55]
2024-04-28 17:33:27,787 - INFO - Test 'test_examples[3.14-5.55]' started with params: {'left': 3.14, 'right': 5.55}
2024-04-28 17:33:27,787 - INFO - Test skipped: ('/home/rosh/projects/report-plugin/pytest-report-plugin/pytest_report_plugin/tests/test_plugin.py', 5, 'Skipped: Skipped!')
2024-04-28 17:33:27,787 - INFO - 6ac2c574-16d1-4614-913c-2da409510156 SKIPPED
2024-04-28 17:33:27,799 - INFO - Finished test: 6ac2c574-16d1-4614-913c-2da409510156, Status: SKIPPED, Exception: None, Duration: None
2024-04-28 17:33:27,811 - INFO - Started test: test_examples[nan-42]
2024-04-28 17:33:27,811 - INFO - Test 'test_examples[nan-42]' started with params: {'left': nan, 'right': 42}
2024-04-28 17:33:27,815 - INFO - Test status: FAILED, Duration: 0.00035571599983086344
2024-04-28 17:33:27,815 - INFO - e1c173db-9c9e-43e0-b564-779f88daddf2 FAILED
2024-04-28 17:33:27,826 - INFO - Finished test: e1c173db-9c9e-43e0-b564-779f88daddf2, Status: FAILED, Exception: /home/rosh/projects/report-plugin/pytest-report-plugin/pytest_report_plugin/tests/test_plugin.py:14: assert (nan + 42) == (42 + nan), Duration: 0.00035571599983086344
2024-04-28 17:33:27,839 - INFO - Started test: test_properties
2024-04-28 17:33:27,839 - INFO - Test 'test_properties' started with params: {}
2024-04-28 17:33:28,289 - INFO - Test status: FAILED, Duration: 0.44735150699943915
2024-04-28 17:33:28,289 - INFO - d1a3ba2a-96c4-46b9-bf3e-073a504c4db5 FAILED
2024-04-28 17:33:28,303 - INFO - Finished test: d1a3ba2a-96c4-46b9-bf3e-073a504c4db5, Status: FAILED, Exception: /home/rosh/projects/report-plugin/pytest-report-plugin/pytest_report_plugin/tests/test_plugin.py:21: assert (0 + nan) == (nan + 0), Duration: 0.44735150699943915
2024-04-28 17:33:28,308 - INFO - Test status: FAILED, Duration: 0.00024830699931044364
2024-04-28 17:33:28,308 - INFO - Test status: FAILED, Duration: 0.00035571599983086344
2024-04-28 17:33:28,308 - INFO - Test status: FAILED, Duration: 0.44735150699943915
2024-04-28 17:33:28,322 - INFO - Test run finished
2024-04-28 17:39:09,862 - INFO - Plugin initialized with API URL: http://127.0.0.1:8000, Auth Token: ******
2024-04-28 17:39:09,904 - INFO - <Response [200]>
2024-04-28 17:39:09,904 - INFO - 51bc139c-dc69-4a6c-be80-37b41fd2692e
2024-04-28 17:39:09,904 - INFO - Test run started
2024-04-28 17:39:10,078 - INFO - Started test: test_passing
2024-04-28 17:39:10,078 - INFO - Test 'test_passing' started with params: {}
2024-04-28 17:39:10,112 - INFO - Test status: PASSED, Duration: 0.00021114399987709476
2024-04-28 17:39:10,113 - INFO - df9ae182-0bea-4501-b5d1-9df01b8e5b9b PASSED
2024-04-28 17:39:10,130 - INFO - Finished test: df9ae182-0bea-4501-b5d1-9df01b8e5b9b, Status: PASSED, Exception: None, Duration: 0.00021114399987709476
2024-04-28 17:39:10,143 - INFO - Started test: test_error
2024-04-28 17:39:10,143 - INFO - Test 'test_error' started with params: {}
2024-04-28 17:39:10,144 - INFO - Test status: PASSED, Duration: 0.0003839410001091892
2024-04-28 17:39:10,144 - INFO - c4b29c98-147d-4c79-ae30-d07ec06e8868 PASSED
2024-04-28 17:39:10,157 - INFO - Finished test: c4b29c98-147d-4c79-ae30-d07ec06e8868, Status: PASSED, Exception: None, Duration: 0.0003839410001091892
2024-04-28 17:39:10,169 - INFO - Started test: test_skipped
2024-04-28 17:39:10,169 - INFO - Test 'test_skipped' started with params: {}
2024-04-28 17:39:10,170 - INFO - Test skipped: ('/home/rosh/projects/report-plugin/pytest-report-plugin/pytest_report_plugin/tests/test_all_outcomes.py', 10, 'Skipped: Test is skipped for a reason')
2024-04-28 17:39:10,171 - INFO - c2dae810-44c8-4628-a488-689ce2b085af SKIPPED
2024-04-28 17:39:10,184 - INFO - Finished test: c2dae810-44c8-4628-a488-689ce2b085af, Status: SKIPPED, Exception: None, Duration: None
2024-04-28 17:39:10,196 - INFO - Started test: test_expected_failure
2024-04-28 17:39:10,196 - INFO - Test 'test_expected_failure' started with params: {}
2024-04-28 17:39:10,224 - INFO - Test status: SKIPPED, Duration: 0.00028797300001315307
2024-04-28 17:39:10,225 - INFO - 4215172c-f7e5-4d4f-8c22-380bf3eabf5b SKIPPED
2024-04-28 17:39:10,239 - INFO - Finished test: 4215172c-f7e5-4d4f-8c22-380bf3eabf5b, Status: SKIPPED, Exception: /home/rosh/projects/report-plugin/pytest-report-plugin/pytest_report_plugin/tests/test_all_outcomes.py:17: assert False, Duration: 0.00028797300001315307
2024-04-28 17:39:10,251 - INFO - Started test: test_unexpected_failure
2024-04-28 17:39:10,251 - INFO - Test 'test_unexpected_failure' started with params: {}
2024-04-28 17:39:10,254 - INFO - Test status: FAILED, Duration: 0.0002471529996910249
2024-04-28 17:39:10,254 - INFO - 250783f9-1061-4d9a-96ec-f71f00001136 FAILED
2024-04-28 17:39:10,267 - INFO - Finished test: 250783f9-1061-4d9a-96ec-f71f00001136, Status: FAILED, Exception: /home/rosh/projects/report-plugin/pytest-report-plugin/pytest_report_plugin/tests/test_all_outcomes.py:20: assert False, Duration: 0.0002471529996910249
2024-04-28 17:39:10,280 - INFO - Started test: test_examples[2-2]
2024-04-28 17:39:10,280 - INFO - Test 'test_examples[2-2]' started with params: {'left': 2, 'right': 2}
2024-04-28 17:39:10,281 - INFO - Test status: PASSED, Duration: 0.00021676199958164943
2024-04-28 17:39:10,282 - INFO - 81dbff4e-37fc-4113-a8e0-1b304f6d459d PASSED
2024-04-28 17:39:10,294 - INFO - Finished test: 81dbff4e-37fc-4113-a8e0-1b304f6d459d, Status: PASSED, Exception: None, Duration: 0.00021676199958164943
2024-04-28 17:39:10,305 - INFO - Started test: test_examples[3.14-5.55]
2024-04-28 17:39:10,306 - INFO - Test 'test_examples[3.14-5.55]' started with params: {'left': 3.14, 'right': 5.55}
2024-04-28 17:39:10,306 - INFO - Test skipped: ('/home/rosh/projects/report-plugin/pytest-report-plugin/pytest_report_plugin/tests/test_plugin.py', 5, 'Skipped: Skipped!')
2024-04-28 17:39:10,307 - INFO - 8ee8e4ae-a475-4393-9733-6329fad3f25f SKIPPED
2024-04-28 17:39:10,319 - INFO - Finished test: 8ee8e4ae-a475-4393-9733-6329fad3f25f, Status: SKIPPED, Exception: None, Duration: None
2024-04-28 17:39:10,331 - INFO - Started test: test_examples[nan-42]
2024-04-28 17:39:10,331 - INFO - Test 'test_examples[nan-42]' started with params: {'left': nan, 'right': 42}
2024-04-28 17:39:10,335 - INFO - Test status: FAILED, Duration: 0.00038072699953772826
2024-04-28 17:39:10,335 - INFO - 03cc7183-7020-4bf0-9db3-750d6bdc4def FAILED
2024-04-28 17:39:10,347 - INFO - Finished test: 03cc7183-7020-4bf0-9db3-750d6bdc4def, Status: FAILED, Exception: /home/rosh/projects/report-plugin/pytest-report-plugin/pytest_report_plugin/tests/test_plugin.py:14: assert (nan + 42) == (42 + nan), Duration: 0.00038072699953772826
2024-04-28 17:39:10,360 - INFO - Started test: test_properties
2024-04-28 17:39:10,360 - INFO - Test 'test_properties' started with params: {}
2024-04-28 17:39:10,825 - INFO - Test status: FAILED, Duration: 0.46262483699956647
2024-04-28 17:39:10,826 - INFO - caec08b3-dc02-4a5f-a2d7-c91bdb0fcecf FAILED
2024-04-28 17:39:10,840 - INFO - Finished test: caec08b3-dc02-4a5f-a2d7-c91bdb0fcecf, Status: FAILED, Exception: /home/rosh/projects/report-plugin/pytest-report-plugin/pytest_report_plugin/tests/test_plugin.py:21: assert (0 + nan) == (nan + 0), Duration: 0.46262483699956647
2024-04-28 17:39:10,844 - INFO - Test status: FAILED, Duration: 0.0002471529996910249
2024-04-28 17:39:10,844 - INFO - Test status: FAILED, Duration: 0.00038072699953772826
2024-04-28 17:39:10,844 - INFO - Test status: FAILED, Duration: 0.46262483699956647
2024-04-28 17:39:10,857 - INFO - Test run finished
2024-04-28 17:42:00,786 - INFO - Plugin initialized with API URL: http://127.0.0.1:8000, Auth Token: ******
2024-04-28 17:42:00,830 - INFO - <Response [200]>
2024-04-28 17:42:00,830 - INFO - 14603b3a-2122-4071-b043-8a03b1e23cd5
2024-04-28 17:42:00,831 - INFO - Test run started
2024-04-28 17:42:01,004 - INFO - Started test: test_passing
2024-04-28 17:42:01,004 - INFO - Test 'test_passing' started with params: {}
2024-04-28 17:42:01,040 - INFO - Test status: PASSED, Duration: 0.00022337500013236422
2024-04-28 17:42:01,040 - INFO - 52892589-2ec6-466d-8947-d020ccbfe4d4 PASSED
2024-04-28 17:42:01,057 - INFO - Finished test: 52892589-2ec6-466d-8947-d020ccbfe4d4, Status: PASSED, Exception: None, Duration: 0.00022337500013236422
2024-04-28 17:42:01,071 - INFO - Started test: test_error
2024-04-28 17:42:01,071 - INFO - Test 'test_error' started with params: {}
2024-04-28 17:42:01,072 - INFO - Test status: PASSED, Duration: 0.00027068200051871827
2024-04-28 17:42:01,072 - INFO - a9d227f3-c507-443f-b63d-f62925537537 PASSED
2024-04-28 17:42:01,083 - INFO - Finished test: a9d227f3-c507-443f-b63d-f62925537537, Status: PASSED, Exception: None, Duration: 0.00027068200051871827
2024-04-28 17:42:01,096 - INFO - Started test: test_skipped
2024-04-28 17:42:01,096 - INFO - Test 'test_skipped' started with params: {}
2024-04-28 17:42:01,097 - INFO - Test skipped: ('/home/rosh/projects/report-plugin/pytest-report-plugin/pytest_report_plugin/tests/test_all_outcomes.py', 10, 'Skipped: Test is skipped for a reason')
2024-04-28 17:42:01,097 - INFO - 4b6284c4-55ed-46fd-acea-52f704bdd970 SKIPPED
2024-04-28 17:42:01,110 - INFO - Finished test: 4b6284c4-55ed-46fd-acea-52f704bdd970, Status: SKIPPED, Exception: None, Duration: None
2024-04-28 17:42:01,122 - INFO - Started test: test_expected_failure
2024-04-28 17:42:01,122 - INFO - Test 'test_expected_failure' started with params: {}
2024-04-28 17:42:01,151 - INFO - Test status: SKIPPED, Duration: 0.00027171100009582005
2024-04-28 17:42:01,151 - INFO - f3f40ac9-863f-4ed2-b25f-a4268ecbef9a SKIPPED
2024-04-28 17:42:01,164 - INFO - Finished test: f3f40ac9-863f-4ed2-b25f-a4268ecbef9a, Status: SKIPPED, Exception: /home/rosh/projects/report-plugin/pytest-report-plugin/pytest_report_plugin/tests/test_all_outcomes.py:17: assert False, Duration: 0.00027171100009582005
2024-04-28 17:42:01,177 - INFO - Started test: test_unexpected_failure
2024-04-28 17:42:01,177 - INFO - Test 'test_unexpected_failure' started with params: {}
2024-04-28 17:42:01,179 - INFO - Test status: FAILED, Duration: 0.0002568560003055609
2024-04-28 17:42:01,180 - INFO - 07575e57-ca03-4552-9cae-02e4fa73b985 FAILED
2024-04-28 17:42:01,190 - INFO - Finished test: 07575e57-ca03-4552-9cae-02e4fa73b985, Status: FAILED, Exception: /home/rosh/projects/report-plugin/pytest-report-plugin/pytest_report_plugin/tests/test_all_outcomes.py:20: assert False, Duration: 0.0002568560003055609
2024-04-28 17:42:01,203 - INFO - Started test: test_examples[2-2]
2024-04-28 17:42:01,203 - INFO - Test 'test_examples[2-2]' started with params: {'left': 2, 'right': 2}
2024-04-28 17:42:01,204 - INFO - Test status: PASSED, Duration: 0.0001857799998106202
2024-04-28 17:42:01,205 - INFO - be425209-63ce-4835-86c9-94a16e7b581d PASSED
2024-04-28 17:42:01,216 - INFO - Finished test: be425209-63ce-4835-86c9-94a16e7b581d, Status: PASSED, Exception: None, Duration: 0.0001857799998106202
2024-04-28 17:42:01,229 - INFO - Started test: test_examples[3.14-5.55]
2024-04-28 17:42:01,230 - INFO - Test 'test_examples[3.14-5.55]' started with params: {'left': 3.14, 'right': 5.55}
2024-04-28 17:42:01,230 - INFO - Test skipped: ('/home/rosh/projects/report-plugin/pytest-report-plugin/pytest_report_plugin/tests/test_plugin.py', 5, 'Skipped: Skipped!')
2024-04-28 17:42:01,230 - INFO - ccee1742-70b4-4511-b148-124b12ed7a0c SKIPPED
2024-04-28 17:42:01,241 - INFO - Finished test: ccee1742-70b4-4511-b148-124b12ed7a0c, Status: SKIPPED, Exception: None, Duration: None
2024-04-28 17:42:01,253 - INFO - Started test: test_examples[nan-42]
2024-04-28 17:42:01,254 - INFO - Test 'test_examples[nan-42]' started with params: {'left': nan, 'right': 42}
2024-04-28 17:42:01,257 - INFO - Test status: FAILED, Duration: 0.0003307150000182446
2024-04-28 17:42:01,257 - INFO - 132fa546-22af-4899-8c1a-3dccaaba2554 FAILED
2024-04-28 17:42:01,268 - INFO - Finished test: 132fa546-22af-4899-8c1a-3dccaaba2554, Status: FAILED, Exception: /home/rosh/projects/report-plugin/pytest-report-plugin/pytest_report_plugin/tests/test_plugin.py:14: assert (nan + 42) == (42 + nan), Duration: 0.0003307150000182446
2024-04-28 17:42:01,281 - INFO - Started test: test_properties
2024-04-28 17:42:01,281 - INFO - Test 'test_properties' started with params: {}
2024-04-28 17:42:01,720 - INFO - Test status: FAILED, Duration: 0.43642575100057
2024-04-28 17:42:01,720 - INFO - 576c4e82-87d7-4ada-8cf0-a8786809031c FAILED
2024-04-28 17:42:01,734 - INFO - Finished test: 576c4e82-87d7-4ada-8cf0-a8786809031c, Status: FAILED, Exception: /home/rosh/projects/report-plugin/pytest-report-plugin/pytest_report_plugin/tests/test_plugin.py:21: assert (0 + nan) == (nan + 0), Duration: 0.43642575100057
2024-04-28 17:42:01,737 - INFO - Test status: FAILED, Duration: 0.0002568560003055609
2024-04-28 17:42:01,737 - INFO - Test status: FAILED, Duration: 0.0003307150000182446
2024-04-28 17:42:01,738 - INFO - Test status: FAILED, Duration: 0.43642575100057
2024-04-28 17:42:01,752 - INFO - Test run finished
2024-04-28 17:44:23,896 - INFO - Plugin initialized with API URL: http://127.0.0.1:8000, Auth Token: ******
2024-04-28 17:44:23,941 - INFO - <Response [200]>
2024-04-28 17:44:23,941 - INFO - 788e7977-1403-4705-9666-e47971bcedac
2024-04-28 17:44:23,941 - INFO - Test run started
2024-04-28 17:44:24,110 - INFO - Started test: test_passing
2024-04-28 17:44:24,110 - INFO - Test 'test_passing' started with params: {}
2024-04-28 17:44:24,145 - INFO - Test status: PASSED, Duration: 0.00022653099949820898
2024-04-28 17:44:24,146 - INFO - b62c5881-2bc5-4a27-b16b-c44f0876fcc6 PASSED
2024-04-28 17:44:24,163 - INFO - Finished test: b62c5881-2bc5-4a27-b16b-c44f0876fcc6, Status: PASSED, Exception: None, Duration: 0.00022653099949820898
2024-04-28 17:44:24,176 - INFO - Started test: test_error
2024-04-28 17:44:24,176 - INFO - Test 'test_error' started with params: {}
2024-04-28 17:44:24,177 - INFO - Test status: PASSED, Duration: 0.00034309099919482833
2024-04-28 17:44:24,177 - INFO - fc90dbb0-beaf-4d83-9e6f-f0fef56255d3 PASSED
2024-04-28 17:44:24,189 - INFO - Finished test: fc90dbb0-beaf-4d83-9e6f-f0fef56255d3, Status: PASSED, Exception: None, Duration: 0.00034309099919482833
2024-04-28 17:44:24,202 - INFO - Started test: test_skipped
2024-04-28 17:44:24,202 - INFO - Test 'test_skipped' started with params: {}
2024-04-28 17:44:24,203 - INFO - Test skipped: ('/home/rosh/projects/report-plugin/pytest-report-plugin/pytest_report_plugin/tests/test_all_outcomes.py', 10, 'Skipped: Test is skipped for a reason')
2024-04-28 17:44:24,203 - INFO - 7f061975-9228-4b54-82e9-45bfae1ef44e SKIPPED
2024-04-28 17:44:24,215 - INFO - Finished test: 7f061975-9228-4b54-82e9-45bfae1ef44e, Status: SKIPPED, Exception: None, Duration: None
2024-04-28 17:44:24,228 - INFO - Started test: test_expected_failure
2024-04-28 17:44:24,228 - INFO - Test 'test_expected_failure' started with params: {}
2024-04-28 17:44:24,256 - INFO - Test status: SKIPPED, Duration: 0.0002675910000107251
2024-04-28 17:44:24,256 - INFO - d191e7dd-ce14-4721-a18e-91b504097fd1 SKIPPED
2024-04-28 17:44:24,269 - INFO - Finished test: d191e7dd-ce14-4721-a18e-91b504097fd1, Status: SKIPPED, Exception: /home/rosh/projects/report-plugin/pytest-report-plugin/pytest_report_plugin/tests/test_all_outcomes.py:17: assert False, Duration: 0.0002675910000107251
2024-04-28 17:44:24,282 - INFO - Started test: test_unexpected_failure
2024-04-28 17:44:24,282 - INFO - Test 'test_unexpected_failure' started with params: {}
2024-04-28 17:44:24,285 - INFO - Test status: FAILED, Duration: 0.0002949049994640518
2024-04-28 17:44:24,285 - INFO - ec115fc5-626f-4b07-b5ee-c18cbc0e7196 FAILED
2024-04-28 17:44:24,296 - INFO - Finished test: ec115fc5-626f-4b07-b5ee-c18cbc0e7196, Status: FAILED, Exception: /home/rosh/projects/report-plugin/pytest-report-plugin/pytest_report_plugin/tests/test_all_outcomes.py:20: assert False, Duration: 0.0002949049994640518
2024-04-28 17:44:24,309 - INFO - Started test: test_examples[2-2]
2024-04-28 17:44:24,309 - INFO - Test 'test_examples[2-2]' started with params: {'left': 2, 'right': 2}
2024-04-28 17:44:24,310 - INFO - Test status: PASSED, Duration: 0.00019057999998040032
2024-04-28 17:44:24,310 - INFO - 6b2f547f-af13-42dd-a8c5-427402a72a5c PASSED
2024-04-28 17:44:24,321 - INFO - Finished test: 6b2f547f-af13-42dd-a8c5-427402a72a5c, Status: PASSED, Exception: None, Duration: 0.00019057999998040032
2024-04-28 17:44:24,333 - INFO - Started test: test_examples[3.14-5.55]
2024-04-28 17:44:24,333 - INFO - Test 'test_examples[3.14-5.55]' started with params: {'left': 3.14, 'right': 5.55}
2024-04-28 17:44:24,334 - INFO - Test skipped: ('/home/rosh/projects/report-plugin/pytest-report-plugin/pytest_report_plugin/tests/test_plugin.py', 5, 'Skipped: Skipped!')
2024-04-28 17:44:24,334 - INFO - 3d81af41-55e4-41e2-beb2-ee857c48f013 SKIPPED
2024-04-28 17:44:24,345 - INFO - Finished test: 3d81af41-55e4-41e2-beb2-ee857c48f013, Status: SKIPPED, Exception: None, Duration: None
2024-04-28 17:44:24,357 - INFO - Started test: test_examples[nan-42]
2024-04-28 17:44:24,358 - INFO - Test 'test_examples[nan-42]' started with params: {'left': nan, 'right': 42}
2024-04-28 17:44:24,361 - INFO - Test status: FAILED, Duration: 0.0003186470003129216
2024-04-28 17:44:24,361 - INFO - d4845295-e66e-4369-ad42-f561c09b9440 FAILED
2024-04-28 17:44:24,372 - INFO - Finished test: d4845295-e66e-4369-ad42-f561c09b9440, Status: FAILED, Exception: /home/rosh/projects/report-plugin/pytest-report-plugin/pytest_report_plugin/tests/test_plugin.py:14: assert (nan + 42) == (42 + nan), Duration: 0.0003186470003129216
2024-04-28 17:44:24,384 - INFO - Started test: test_properties
2024-04-28 17:44:24,384 - INFO - Test 'test_properties' started with params: {}
2024-04-28 17:44:24,851 - INFO - Test status: FAILED, Duration: 0.46432231300059357
2024-04-28 17:44:24,851 - INFO - 9c5935be-18d5-48f6-a11b-ead05cd19f9a FAILED
2024-04-28 17:44:24,865 - INFO - Finished test: 9c5935be-18d5-48f6-a11b-ead05cd19f9a, Status: FAILED, Exception: /home/rosh/projects/report-plugin/pytest-report-plugin/pytest_report_plugin/tests/test_plugin.py:21: assert (0 + nan) == (nan + 0), Duration: 0.46432231300059357
2024-04-28 17:44:24,869 - INFO - Test status: FAILED, Duration: 0.0002949049994640518
2024-04-28 17:44:24,870 - INFO - Test status: FAILED, Duration: 0.0003186470003129216
2024-04-28 17:44:24,870 - INFO - Test status: FAILED, Duration: 0.46432231300059357
2024-04-28 17:44:24,884 - INFO - Test run finished
2024-04-28 17:44:38,416 - INFO - Plugin initialized with API URL: http://127.0.0.1:8000, Auth Token: ******
2024-04-28 17:44:38,460 - INFO - <Response [200]>
2024-04-28 17:44:38,460 - INFO - 7070e9f6-3363-4ec6-a123-6ecd41b369c5
2024-04-28 17:44:38,460 - INFO - Test run started
2024-04-28 17:44:38,638 - INFO - Started test: test_passing
2024-04-28 17:44:38,638 - INFO - Test 'test_passing' started with params: {}
2024-04-28 17:44:38,673 - INFO - Test status: PASSED, Duration: 0.00018293399989488535
2024-04-28 17:44:38,673 - INFO - 2e054e90-f59a-4db9-9331-fa322e08f784 PASSED
2024-04-28 17:44:38,691 - INFO - Finished test: 2e054e90-f59a-4db9-9331-fa322e08f784, Status: PASSED, Exception: None, Duration: 0.00018293399989488535
2024-04-28 17:44:38,703 - INFO - Started test: test_error
2024-04-28 17:44:38,703 - INFO - Test 'test_error' started with params: {}
2024-04-28 17:44:38,704 - INFO - Test status: PASSED, Duration: 0.00026412300030642655
2024-04-28 17:44:38,704 - INFO - f4b7e08e-fa29-4bdb-bb48-89835bb324f4 PASSED
2024-04-28 17:44:38,716 - INFO - Finished test: f4b7e08e-fa29-4bdb-bb48-89835bb324f4, Status: PASSED, Exception: None, Duration: 0.00026412300030642655
2024-04-28 17:44:38,727 - INFO - Started test: test_skipped
2024-04-28 17:44:38,728 - INFO - Test 'test_skipped' started with params: {}
2024-04-28 17:44:38,728 - INFO - Test skipped: ('/home/rosh/projects/report-plugin/pytest-report-plugin/pytest_report_plugin/tests/test_all_outcomes.py', 10, 'Skipped: Test is skipped for a reason')
2024-04-28 17:44:38,729 - INFO - 08915778-8b3d-4cdd-9dde-12f484f43df5 SKIPPED
2024-04-28 17:44:38,743 - INFO - Finished test: 08915778-8b3d-4cdd-9dde-12f484f43df5, Status: SKIPPED, Exception: None, Duration: None
2024-04-28 17:44:38,755 - INFO - Started test: test_expected_failure
2024-04-28 17:44:38,755 - INFO - Test 'test_expected_failure' started with params: {}
2024-04-28 17:44:38,783 - INFO - Test status: SKIPPED, Duration: 0.00023966399930941407
2024-04-28 17:44:38,783 - INFO - 2a38ac86-c4be-4ddc-a304-bdd59ad182a3 SKIPPED
2024-04-28 17:44:38,797 - INFO - Finished test: 2a38ac86-c4be-4ddc-a304-bdd59ad182a3, Status: SKIPPED, Exception: /home/rosh/projects/report-plugin/pytest-report-plugin/pytest_report_plugin/tests/test_all_outcomes.py:17: assert False, Duration: 0.00023966399930941407
2024-04-28 17:44:38,808 - INFO - Started test: test_unexpected_failure
2024-04-28 17:44:38,808 - INFO - Test 'test_unexpected_failure' started with params: {}
2024-04-28 17:44:38,811 - INFO - Test status: FAILED, Duration: 0.000250713000241376
2024-04-28 17:44:38,811 - INFO - d00528fa-b9b5-4829-a13b-3b72cc86ec8b FAILED
2024-04-28 17:44:38,823 - INFO - Finished test: d00528fa-b9b5-4829-a13b-3b72cc86ec8b, Status: FAILED, Exception: /home/rosh/projects/report-plugin/pytest-report-plugin/pytest_report_plugin/tests/test_all_outcomes.py:20: assert False, Duration: 0.000250713000241376
2024-04-28 17:44:38,834 - INFO - Started test: test_examples[2-2]
2024-04-28 17:44:38,834 - INFO - Test 'test_examples[2-2]' started with params: {'left': 2, 'right': 2}
2024-04-28 17:44:38,835 - INFO - Test status: PASSED, Duration: 0.0001941050004461431
2024-04-28 17:44:38,836 - INFO - d5a81a87-bd9e-469d-85e2-e01c6afe7057 PASSED
2024-04-28 17:44:38,848 - INFO - Finished test: d5a81a87-bd9e-469d-85e2-e01c6afe7057, Status: PASSED, Exception: None, Duration: 0.0001941050004461431
2024-04-28 17:44:38,860 - INFO - Started test: test_examples[3.14-5.55]
2024-04-28 17:44:38,860 - INFO - Test 'test_examples[3.14-5.55]' started with params: {'left': 3.14, 'right': 5.55}
2024-04-28 17:44:38,860 - INFO - Test skipped: ('/home/rosh/projects/report-plugin/pytest-report-plugin/pytest_report_plugin/tests/test_plugin.py', 5, 'Skipped: Skipped!')
2024-04-28 17:44:38,860 - INFO - a1f4084e-d093-48f5-8bdd-6f27769bd92f SKIPPED
2024-04-28 17:44:38,872 - INFO - Finished test: a1f4084e-d093-48f5-8bdd-6f27769bd92f, Status: SKIPPED, Exception: None, Duration: None
2024-04-28 17:44:38,884 - INFO - Started test: test_examples[nan-42]
2024-04-28 17:44:38,884 - INFO - Test 'test_examples[nan-42]' started with params: {'left': nan, 'right': 42}
2024-04-28 17:44:38,888 - INFO - Test status: FAILED, Duration: 0.00041308199979539495
2024-04-28 17:44:38,888 - INFO - 0fe84211-9838-499c-b8a2-58f9cb16d4b2 FAILED
2024-04-28 17:44:38,901 - INFO - Finished test: 0fe84211-9838-499c-b8a2-58f9cb16d4b2, Status: FAILED, Exception: /home/rosh/projects/report-plugin/pytest-report-plugin/pytest_report_plugin/tests/test_plugin.py:14: assert (nan + 42) == (42 + nan), Duration: 0.00041308199979539495
2024-04-28 17:44:38,913 - INFO - Started test: test_properties
2024-04-28 17:44:38,913 - INFO - Test 'test_properties' started with params: {}
2024-04-28 17:44:39,372 - INFO - Test status: FAILED, Duration: 0.4562981939998281
2024-04-28 17:44:39,372 - INFO - b71270cb-5bb4-4f5d-b7b1-ab1cb9a51668 FAILED
2024-04-28 17:44:39,387 - INFO - Finished test: b71270cb-5bb4-4f5d-b7b1-ab1cb9a51668, Status: FAILED, Exception: /home/rosh/projects/report-plugin/pytest-report-plugin/pytest_report_plugin/tests/test_plugin.py:21: assert (0 + nan) == (nan + 0), Duration: 0.4562981939998281
2024-04-28 17:44:39,391 - INFO - Test status: FAILED, Duration: 0.000250713000241376
2024-04-28 17:44:39,391 - INFO - Test status: FAILED, Duration: 0.00041308199979539495
2024-04-28 17:44:39,391 - INFO - Test status: FAILED, Duration: 0.4562981939998281
2024-04-28 17:44:39,405 - INFO - Test run finished
2024-04-28 17:50:04,027 - INFO - Plugin initialized with API URL: http://127.0.0.1:8000, Auth Token: ******
2024-04-28 17:50:04,070 - INFO - <Response [200]>
2024-04-28 17:50:04,070 - INFO - 9f3e30bf-68e6-4d5c-885a-3482b37b11e9
2024-04-28 17:50:04,070 - INFO - Test run started
2024-04-28 17:50:04,240 - INFO - Started test: test_passing
2024-04-28 17:50:04,240 - INFO - Test 'test_passing' started with params: {}
2024-04-28 17:50:04,273 - INFO - Test status: PASSED, Duration: 0.00019678900025610346
2024-04-28 17:50:04,273 - INFO - ddbe86e5-02fc-4070-a3f9-562760cb0af2 PASSED
2024-04-28 17:50:04,291 - INFO - Finished test: ddbe86e5-02fc-4070-a3f9-562760cb0af2, Status: PASSED, Exception: None, Duration: 0.00019678900025610346
2024-04-28 17:50:04,303 - INFO - Started test: test_error
2024-04-28 17:50:04,303 - INFO - Test 'test_error' started with params: {}
2024-04-28 17:50:04,304 - INFO - Test status: PASSED, Duration: 0.0002766759998849011
2024-04-28 17:50:04,304 - INFO - 66714efa-582e-4d80-a2ee-eb962b6df7aa PASSED
2024-04-28 17:50:04,316 - INFO - Finished test: 66714efa-582e-4d80-a2ee-eb962b6df7aa, Status: PASSED, Exception: None, Duration: 0.0002766759998849011
2024-04-28 17:50:04,327 - INFO - Started test: test_skipped
2024-04-28 17:50:04,327 - INFO - Test 'test_skipped' started with params: {}
2024-04-28 17:50:04,328 - INFO - Test skipped: ('/home/rosh/projects/report-plugin/pytest-report-plugin/pytest_report_plugin/tests/test_all_outcomes.py', 10, 'Skipped: Test is skipped for a reason')
2024-04-28 17:50:04,328 - INFO - d892e9d7-15dc-440b-9e10-f4845c420831 SKIPPED
2024-04-28 17:50:04,341 - INFO - Finished test: d892e9d7-15dc-440b-9e10-f4845c420831, Status: SKIPPED, Exception: None, Duration: None
2024-04-28 17:50:04,352 - INFO - Started test: test_expected_failure
2024-04-28 17:50:04,352 - INFO - Test 'test_expected_failure' started with params: {}
2024-04-28 17:50:04,382 - INFO - Test status: SKIPPED, Duration: 0.0002847260002454277
2024-04-28 17:50:04,382 - INFO - 39d0ef4c-a356-4579-84d5-c648f34c4a89 SKIPPED
2024-04-28 17:50:04,395 - INFO - Finished test: 39d0ef4c-a356-4579-84d5-c648f34c4a89, Status: SKIPPED, Exception: /home/rosh/projects/report-plugin/pytest-report-plugin/pytest_report_plugin/tests/test_all_outcomes.py:17: assert False, Duration: 0.0002847260002454277
2024-04-28 17:50:04,406 - INFO - Started test: test_unexpected_failure
2024-04-28 17:50:04,406 - INFO - Test 'test_unexpected_failure' started with params: {}
2024-04-28 17:50:04,409 - INFO - Test status: FAILED, Duration: 0.000292073000309756
2024-04-28 17:50:04,409 - INFO - d4455505-0472-4eeb-9e8d-f8440a957344 FAILED
2024-04-28 17:50:04,421 - INFO - Finished test: d4455505-0472-4eeb-9e8d-f8440a957344, Status: FAILED, Exception: /home/rosh/projects/report-plugin/pytest-report-plugin/pytest_report_plugin/tests/test_all_outcomes.py:20: assert False, Duration: 0.000292073000309756
2024-04-28 17:50:04,432 - INFO - Started test: test_examples[2-2]
2024-04-28 17:50:04,433 - INFO - Test 'test_examples[2-2]' started with params: {'left': 2, 'right': 2}
2024-04-28 17:50:04,434 - INFO - Test status: PASSED, Duration: 0.00018980299955728697
2024-04-28 17:50:04,434 - INFO - d6688c15-7df5-43d3-827a-d9fd409de4cd PASSED
2024-04-28 17:50:04,445 - INFO - Finished test: d6688c15-7df5-43d3-827a-d9fd409de4cd, Status: PASSED, Exception: None, Duration: 0.00018980299955728697
2024-04-28 17:50:04,456 - INFO - Started test: test_examples[3.14-5.55]
2024-04-28 17:50:04,457 - INFO - Test 'test_examples[3.14-5.55]' started with params: {'left': 3.14, 'right': 5.55}
2024-04-28 17:50:04,457 - INFO - Test skipped: ('/home/rosh/projects/report-plugin/pytest-report-plugin/pytest_report_plugin/tests/test_plugin.py', 5, 'Skipped: Skipped!')
2024-04-28 17:50:04,457 - INFO - 7b7501a7-06c3-45c4-bb34-7502babc338e SKIPPED
2024-04-28 17:50:04,469 - INFO - Finished test: 7b7501a7-06c3-45c4-bb34-7502babc338e, Status: SKIPPED, Exception: None, Duration: None
2024-04-28 17:50:04,480 - INFO - Started test: test_examples[nan-42]
2024-04-28 17:50:04,480 - INFO - Test 'test_examples[nan-42]' started with params: {'left': nan, 'right': 42}
2024-04-28 17:50:04,484 - INFO - Test status: FAILED, Duration: 0.0004136970001127338
2024-04-28 17:50:04,484 - INFO - e9e241d9-a491-44b5-aa02-69e5cd5bf0be FAILED
2024-04-28 17:50:04,496 - INFO - Finished test: e9e241d9-a491-44b5-aa02-69e5cd5bf0be, Status: FAILED, Exception: /home/rosh/projects/report-plugin/pytest-report-plugin/pytest_report_plugin/tests/test_plugin.py:14: assert (nan + 42) == (42 + nan), Duration: 0.0004136970001127338
2024-04-28 17:50:04,507 - INFO - Started test: test_properties
2024-04-28 17:50:04,507 - INFO - Test 'test_properties' started with params: {}
2024-04-28 17:50:04,949 - INFO - Test status: FAILED, Duration: 0.4394052899997405
2024-04-28 17:50:04,949 - INFO - 9565d0ef-fe58-4301-8352-742af2c8fbb3 FAILED
2024-04-28 17:50:04,964 - INFO - Finished test: 9565d0ef-fe58-4301-8352-742af2c8fbb3, Status: FAILED, Exception: /home/rosh/projects/report-plugin/pytest-report-plugin/pytest_report_plugin/tests/test_plugin.py:21: assert (0 + nan) == (nan + 0), Duration: 0.4394052899997405
2024-04-28 17:50:04,968 - INFO - Test status: FAILED, Duration: 0.000292073000309756
2024-04-28 17:50:04,968 - INFO - Test status: FAILED, Duration: 0.0004136970001127338
2024-04-28 17:50:04,968 - INFO - Test status: FAILED, Duration: 0.4394052899997405
2024-04-28 17:50:04,982 - INFO - Test run finished
2024-04-28 17:51:40,925 - INFO - Plugin initialized with API URL: http://127.0.0.1:8000, Auth Token: ******
2024-04-28 17:51:40,970 - INFO - <Response [200]>
2024-04-28 17:51:40,970 - INFO - b67310b5-e784-4390-8498-5b92cb4eaaf7
2024-04-28 17:51:40,970 - INFO - Test run started
2024-04-28 17:51:41,136 - INFO - Started test: test_passing
2024-04-28 17:51:41,137 - INFO - Test 'test_passing' started with params: {}
2024-04-28 17:51:41,172 - INFO - Test status: PASSED, Duration: 0.00019462500040390296
2024-04-28 17:51:41,172 - INFO - d03f83bc-8adb-4fba-9b4f-3a8b78c27c78 PASSED
2024-04-28 17:51:41,190 - INFO - Finished test: d03f83bc-8adb-4fba-9b4f-3a8b78c27c78, Status: PASSED, Exception: None, Duration: 0.00019462500040390296
2024-04-28 17:51:41,203 - INFO - Started test: test_error
2024-04-28 17:51:41,203 - INFO - Test 'test_error' started with params: {}
2024-04-28 17:51:41,204 - INFO - Test status: PASSED, Duration: 0.000380297999981849
2024-04-28 17:51:41,204 - INFO - fbfe48ad-085d-4c54-917a-9b470979d24b PASSED
2024-04-28 17:51:41,216 - INFO - Finished test: fbfe48ad-085d-4c54-917a-9b470979d24b, Status: PASSED, Exception: None, Duration: 0.000380297999981849
2024-04-28 17:51:41,228 - INFO - Started test: test_skipped
2024-04-28 17:51:41,228 - INFO - Test 'test_skipped' started with params: {}
2024-04-28 17:51:41,228 - INFO - Test skipped: ('/home/rosh/projects/report-plugin/pytest-report-plugin/pytest_report_plugin/tests/test_all_outcomes.py', 10, 'Skipped: Test is skipped for a reason')
2024-04-28 17:51:41,229 - INFO - 7319df47-6cf7-4d15-9603-cd9f38994d4a SKIPPED
2024-04-28 17:51:41,242 - INFO - Finished test: 7319df47-6cf7-4d15-9603-cd9f38994d4a, Status: SKIPPED, Exception: None, Duration: None
2024-04-28 17:51:41,254 - INFO - Started test: test_expected_failure
2024-04-28 17:51:41,254 - INFO - Test 'test_expected_failure' started with params: {}
2024-04-28 17:51:41,281 - INFO - Test status: SKIPPED, Duration: 0.0002280529997733538
2024-04-28 17:51:41,281 - INFO - bc25264a-5a6c-43b3-bdc0-a0513f9e168a SKIPPED
2024-04-28 17:51:41,295 - INFO - Finished test: bc25264a-5a6c-43b3-bdc0-a0513f9e168a, Status: SKIPPED, Exception: /home/rosh/projects/report-plugin/pytest-report-plugin/pytest_report_plugin/tests/test_all_outcomes.py:17: assert False, Duration: 0.0002280529997733538
2024-04-28 17:51:41,306 - INFO - Started test: test_unexpected_failure
2024-04-28 17:51:41,306 - INFO - Test 'test_unexpected_failure' started with params: {}
2024-04-28 17:51:41,308 - INFO - Test status: FAILED, Duration: 0.00021973200000502402
2024-04-28 17:51:41,308 - INFO - 82e94340-147d-41cf-a3e4-7967ddecc492 FAILED
2024-04-28 17:51:41,324 - INFO - Finished test: 82e94340-147d-41cf-a3e4-7967ddecc492, Status: FAILED, Exception: /home/rosh/projects/report-plugin/pytest-report-plugin/pytest_report_plugin/tests/test_all_outcomes.py:20: assert False, Duration: 0.00021973200000502402
2024-04-28 17:51:41,336 - INFO - Started test: test_examples[2-2]
2024-04-28 17:51:41,337 - INFO - Test 'test_examples[2-2]' started with params: {'left': 2, 'right': 2}
2024-04-28 17:51:41,338 - INFO - Test status: PASSED, Duration: 0.000193881999621226
2024-04-28 17:51:41,338 - INFO - d6018803-1257-448c-b329-b21a203f7d59 PASSED
2024-04-28 17:51:41,349 - INFO - Finished test: d6018803-1257-448c-b329-b21a203f7d59, Status: PASSED, Exception: None, Duration: 0.000193881999621226
2024-04-28 17:51:41,361 - INFO - Started test: test_examples[3.14-5.55]
2024-04-28 17:51:41,361 - INFO - Test 'test_examples[3.14-5.55]' started with params: {'left': 3.14, 'right': 5.55}
2024-04-28 17:51:41,362 - INFO - Test skipped: ('/home/rosh/projects/report-plugin/pytest-report-plugin/pytest_report_plugin/tests/test_plugin.py', 5, 'Skipped: Skipped!')
2024-04-28 17:51:41,362 - INFO - fc578799-a5a6-4ce6-8665-5d4f5d7c57b6 SKIPPED
2024-04-28 17:51:41,374 - INFO - Finished test: fc578799-a5a6-4ce6-8665-5d4f5d7c57b6, Status: SKIPPED, Exception: None, Duration: None
2024-04-28 17:51:41,386 - INFO - Started test: test_examples[nan-42]
2024-04-28 17:51:41,386 - INFO - Test 'test_examples[nan-42]' started with params: {'left': nan, 'right': 42}
2024-04-28 17:51:41,389 - INFO - Test status: FAILED, Duration: 0.0003844359998765867
2024-04-28 17:51:41,390 - INFO - 477a7b8a-2759-4d51-ba54-27704dca7438 FAILED
2024-04-28 17:51:41,401 - INFO - Finished test: 477a7b8a-2759-4d51-ba54-27704dca7438, Status: FAILED, Exception: /home/rosh/projects/report-plugin/pytest-report-plugin/pytest_report_plugin/tests/test_plugin.py:14: assert (nan + 42) == (42 + nan), Duration: 0.0003844359998765867
2024-04-28 17:51:41,413 - INFO - Started test: test_properties
2024-04-28 17:51:41,413 - INFO - Test 'test_properties' started with params: {}
2024-04-28 17:51:41,854 - INFO - Test status: FAILED, Duration: 0.43917053699988173
2024-04-28 17:51:41,855 - INFO - 05a88ae6-16ef-405e-8253-be8421d163f5 FAILED
2024-04-28 17:51:41,869 - INFO - Finished test: 05a88ae6-16ef-405e-8253-be8421d163f5, Status: FAILED, Exception: /home/rosh/projects/report-plugin/pytest-report-plugin/pytest_report_plugin/tests/test_plugin.py:21: assert (0 + nan) == (nan + 0), Duration: 0.43917053699988173
2024-04-28 17:51:41,872 - INFO - Test status: FAILED, Duration: 0.00021973200000502402
2024-04-28 17:51:41,872 - INFO - Test status: FAILED, Duration: 0.0003844359998765867
2024-04-28 17:51:41,872 - INFO - Test status: FAILED, Duration: 0.43917053699988173
2024-04-28 17:51:41,885 - INFO - Test run finished
2024-04-28 17:51:51,788 - INFO - Plugin initialized with API URL: http://127.0.0.1:8000, Auth Token: ******
2024-04-28 17:51:51,819 - INFO - <Response [200]>
2024-04-28 17:51:51,819 - INFO - ba5dfd1d-1879-4832-a822-6bcf50e59906
2024-04-28 17:51:51,819 - INFO - Test run started
2024-04-28 17:51:51,993 - INFO - Started test: test_passing
2024-04-28 17:51:51,993 - INFO - Test 'test_passing' started with params: {}
2024-04-28 17:51:52,030 - INFO - Test status: PASSED, Duration: 0.00021987500076647848
2024-04-28 17:51:52,030 - INFO - 0144ce35-8cba-4cbf-ac89-5079cffebea8 PASSED
2024-04-28 17:51:52,044 - INFO - Finished test: 0144ce35-8cba-4cbf-ac89-5079cffebea8, Status: PASSED, Exception: None, Duration: 0.00021987500076647848
2024-04-28 17:51:52,057 - INFO - Started test: test_error
2024-04-28 17:51:52,058 - INFO - Test 'test_error' started with params: {}
2024-04-28 17:51:52,058 - INFO - Test status: PASSED, Duration: 0.0002768399999695248
2024-04-28 17:51:52,059 - INFO - 8fef98dd-7fc9-4f85-bf99-8d7261546236 PASSED
2024-04-28 17:51:52,071 - INFO - Finished test: 8fef98dd-7fc9-4f85-bf99-8d7261546236, Status: PASSED, Exception: None, Duration: 0.0002768399999695248
2024-04-28 17:51:52,084 - INFO - Started test: test_skipped
2024-04-28 17:51:52,084 - INFO - Test 'test_skipped' started with params: {}
2024-04-28 17:51:52,085 - INFO - Test skipped: ('/home/rosh/projects/report-plugin/pytest-report-plugin/pytest_report_plugin/tests/test_all_outcomes.py', 10, 'Skipped: Test is skipped for a reason')
2024-04-28 17:51:52,086 - INFO - c95b1dfd-9ce6-4794-a0c2-77d3fe856c64 SKIPPED
2024-04-28 17:51:52,099 - INFO - Finished test: c95b1dfd-9ce6-4794-a0c2-77d3fe856c64, Status: SKIPPED, Exception: None, Duration: None
2024-04-28 17:51:52,111 - INFO - Started test: test_expected_failure
2024-04-28 17:51:52,111 - INFO - Test 'test_expected_failure' started with params: {}
2024-04-28 17:51:52,139 - INFO - Test status: SKIPPED, Duration: 0.0002639619997353293
2024-04-28 17:51:52,140 - INFO - 3f978a8d-e7de-4e86-8a55-18a1f0eef782 SKIPPED
2024-04-28 17:51:52,153 - INFO - Finished test: 3f978a8d-e7de-4e86-8a55-18a1f0eef782, Status: SKIPPED, Exception: /home/rosh/projects/report-plugin/pytest-report-plugin/pytest_report_plugin/tests/test_all_outcomes.py:17: assert False, Duration: 0.0002639619997353293
2024-04-28 17:51:52,165 - INFO - Started test: test_unexpected_failure
2024-04-28 17:51:52,165 - INFO - Test 'test_unexpected_failure' started with params: {}
2024-04-28 17:51:52,168 - INFO - Test status: FAILED, Duration: 0.000306506999550038
2024-04-28 17:51:52,168 - INFO - 1ec45c88-e658-434b-b2f0-e4fe17f7d156 FAILED
2024-04-28 17:51:52,180 - INFO - Finished test: 1ec45c88-e658-434b-b2f0-e4fe17f7d156, Status: FAILED, Exception: /home/rosh/projects/report-plugin/pytest-report-plugin/pytest_report_plugin/tests/test_all_outcomes.py:20: assert False, Duration: 0.000306506999550038
2024-04-28 17:51:52,191 - INFO - Started test: test_examples[2-2]
2024-04-28 17:51:52,191 - INFO - Test 'test_examples[2-2]' started with params: {'left': 2, 'right': 2}
2024-04-28 17:51:52,192 - INFO - Test status: PASSED, Duration: 0.00017816999934439082
2024-04-28 17:51:52,192 - INFO - c62b390a-887e-486b-b047-a1674f359860 PASSED
2024-04-28 17:51:52,204 - INFO - Finished test: c62b390a-887e-486b-b047-a1674f359860, Status: PASSED, Exception: None, Duration: 0.00017816999934439082
2024-04-28 17:51:52,215 - INFO - Started test: test_examples[3.14-5.55]
2024-04-28 17:51:52,215 - INFO - Test 'test_examples[3.14-5.55]' started with params: {'left': 3.14, 'right': 5.55}
2024-04-28 17:51:52,215 - INFO - Test skipped: ('/home/rosh/projects/report-plugin/pytest-report-plugin/pytest_report_plugin/tests/test_plugin.py', 5, 'Skipped: Skipped!')
2024-04-28 17:51:52,216 - INFO - 86d46317-3262-4a4b-974b-bfa9f2046833 SKIPPED
2024-04-28 17:51:52,228 - INFO - Finished test: 86d46317-3262-4a4b-974b-bfa9f2046833, Status: SKIPPED, Exception: None, Duration: None
2024-04-28 17:51:52,240 - INFO - Started test: test_examples[nan-42]
2024-04-28 17:51:52,240 - INFO - Test 'test_examples[nan-42]' started with params: {'left': nan, 'right': 42}
2024-04-28 17:51:52,243 - INFO - Test status: FAILED, Duration: 0.0003234329997212626
2024-04-28 17:51:52,244 - INFO - 8decd90e-2e00-4d91-91eb-d9851c8210b4 FAILED
2024-04-28 17:51:52,255 - INFO - Finished test: 8decd90e-2e00-4d91-91eb-d9851c8210b4, Status: FAILED, Exception: /home/rosh/projects/report-plugin/pytest-report-plugin/pytest_report_plugin/tests/test_plugin.py:14: assert (nan + 42) == (42 + nan), Duration: 0.0003234329997212626
2024-04-28 17:51:52,266 - INFO - Started test: test_properties
2024-04-28 17:51:52,267 - INFO - Test 'test_properties' started with params: {}
2024-04-28 17:51:52,709 - INFO - Test status: FAILED, Duration: 0.44004514800053585
2024-04-28 17:51:52,709 - INFO - c8312c10-9ed0-4779-8c86-9dc14cbd711f FAILED
2024-04-28 17:51:52,724 - INFO - Finished test: c8312c10-9ed0-4779-8c86-9dc14cbd711f, Status: FAILED, Exception: /home/rosh/projects/report-plugin/pytest-report-plugin/pytest_report_plugin/tests/test_plugin.py:21: assert (0 + nan) == (nan + 0), Duration: 0.44004514800053585
2024-04-28 17:51:52,727 - INFO - Test status: FAILED, Duration: 0.000306506999550038
2024-04-28 17:51:52,727 - INFO - Test status: FAILED, Duration: 0.0003234329997212626
2024-04-28 17:51:52,728 - INFO - Test status: FAILED, Duration: 0.44004514800053585
2024-04-28 17:51:52,740 - INFO - Test run finished
2024-04-28 17:51:53,922 - INFO - Plugin initialized with API URL: http://127.0.0.1:8000, Auth Token: ******
2024-04-28 17:51:53,954 - INFO - <Response [200]>
2024-04-28 17:51:53,954 - INFO - b0317e64-8929-42f1-a7d5-cee0cde0f516
2024-04-28 17:51:53,954 - INFO - Test run started
2024-04-28 17:51:54,130 - INFO - Started test: test_passing
2024-04-28 17:51:54,130 - INFO - Test 'test_passing' started with params: {}
2024-04-28 17:51:54,165 - INFO - Test status: PASSED, Duration: 0.00022339399947668426
2024-04-28 17:51:54,165 - INFO - f13406b7-801c-4cc6-b1c0-888a85604041 PASSED
2024-04-28 17:51:54,180 - INFO - Finished test: f13406b7-801c-4cc6-b1c0-888a85604041, Status: PASSED, Exception: None, Duration: 0.00022339399947668426
2024-04-28 17:51:54,192 - INFO - Started test: test_error
2024-04-28 17:51:54,192 - INFO - Test 'test_error' started with params: {}
2024-04-28 17:51:54,193 - INFO - Test status: PASSED, Duration: 0.0003128650005237432
2024-04-28 17:51:54,193 - INFO - c3e94c7b-ffee-4d62-8591-589a5f6589b1 PASSED
2024-04-28 17:51:54,206 - INFO - Finished test: c3e94c7b-ffee-4d62-8591-589a5f6589b1, Status: PASSED, Exception: None, Duration: 0.0003128650005237432
2024-04-28 17:51:54,217 - INFO - Started test: test_skipped
2024-04-28 17:51:54,218 - INFO - Test 'test_skipped' started with params: {}
2024-04-28 17:51:54,218 - INFO - Test skipped: ('/home/rosh/projects/report-plugin/pytest-report-plugin/pytest_report_plugin/tests/test_all_outcomes.py', 10, 'Skipped: Test is skipped for a reason')
2024-04-28 17:51:54,219 - INFO - f6fbebae-6544-4a29-95db-920e64d48eee SKIPPED
2024-04-28 17:51:54,232 - INFO - Finished test: f6fbebae-6544-4a29-95db-920e64d48eee, Status: SKIPPED, Exception: None, Duration: None
2024-04-28 17:51:54,243 - INFO - Started test: test_expected_failure
2024-04-28 17:51:54,243 - INFO - Test 'test_expected_failure' started with params: {}
2024-04-28 17:51:54,271 - INFO - Test status: SKIPPED, Duration: 0.00023203999990073498
2024-04-28 17:51:54,271 - INFO - 2e0e1293-20b4-42b1-8ab2-cf73e574316d SKIPPED
2024-04-28 17:51:54,284 - INFO - Finished test: 2e0e1293-20b4-42b1-8ab2-cf73e574316d, Status: SKIPPED, Exception: /home/rosh/projects/report-plugin/pytest-report-plugin/pytest_report_plugin/tests/test_all_outcomes.py:17: assert False, Duration: 0.00023203999990073498
2024-04-28 17:51:54,295 - INFO - Started test: test_unexpected_failure
2024-04-28 17:51:54,295 - INFO - Test 'test_unexpected_failure' started with params: {}
2024-04-28 17:51:54,297 - INFO - Test status: FAILED, Duration: 0.00024592800036771223
2024-04-28 17:51:54,297 - INFO - e63ba40b-949e-4f15-813d-1933b143695c FAILED
2024-04-28 17:51:54,309 - INFO - Finished test: e63ba40b-949e-4f15-813d-1933b143695c, Status: FAILED, Exception: /home/rosh/projects/report-plugin/pytest-report-plugin/pytest_report_plugin/tests/test_all_outcomes.py:20: assert False, Duration: 0.00024592800036771223
2024-04-28 17:51:54,320 - INFO - Started test: test_examples[2-2]
2024-04-28 17:51:54,320 - INFO - Test 'test_examples[2-2]' started with params: {'left': 2, 'right': 2}
2024-04-28 17:51:54,321 - INFO - Test status: PASSED, Duration: 0.00015335599982790882
2024-04-28 17:51:54,321 - INFO - 566e9d8b-9b5e-4632-af82-111251e56f2f PASSED
2024-04-28 17:51:54,333 - INFO - Finished test: 566e9d8b-9b5e-4632-af82-111251e56f2f, Status: PASSED, Exception: None, Duration: 0.00015335599982790882
2024-04-28 17:51:54,345 - INFO - Started test: test_examples[3.14-5.55]
2024-04-28 17:51:54,345 - INFO - Test 'test_examples[3.14-5.55]' started with params: {'left': 3.14, 'right': 5.55}
2024-04-28 17:51:54,345 - INFO - Test skipped: ('/home/rosh/projects/report-plugin/pytest-report-plugin/pytest_report_plugin/tests/test_plugin.py', 5, 'Skipped: Skipped!')
2024-04-28 17:51:54,346 - INFO - 31f1d61c-f346-4e9b-8eee-971277c3c7ac SKIPPED
2024-04-28 17:51:54,357 - INFO - Finished test: 31f1d61c-f346-4e9b-8eee-971277c3c7ac, Status: SKIPPED, Exception: None, Duration: None
2024-04-28 17:51:54,369 - INFO - Started test: test_examples[nan-42]
2024-04-28 17:51:54,369 - INFO - Test 'test_examples[nan-42]' started with params: {'left': nan, 'right': 42}
2024-04-28 17:51:54,372 - INFO - Test status: FAILED, Duration: 0.0003453939998507849
2024-04-28 17:51:54,372 - INFO - 17b2ad55-27b4-4256-81b2-32177b021028 FAILED
2024-04-28 17:51:54,383 - INFO - Finished test: 17b2ad55-27b4-4256-81b2-32177b021028, Status: FAILED, Exception: /home/rosh/projects/report-plugin/pytest-report-plugin/pytest_report_plugin/tests/test_plugin.py:14: assert (nan + 42) == (42 + nan), Duration: 0.0003453939998507849
2024-04-28 17:51:54,395 - INFO - Started test: test_properties
2024-04-28 17:51:54,395 - INFO - Test 'test_properties' started with params: {}
2024-04-28 17:51:54,851 - INFO - Test status: FAILED, Duration: 0.4536535150000418
2024-04-28 17:51:54,851 - INFO - 124b6c26-7e7f-46f3-b84b-1e8cb9c80d3e FAILED
2024-04-28 17:51:54,865 - INFO - Finished test: 124b6c26-7e7f-46f3-b84b-1e8cb9c80d3e, Status: FAILED, Exception: /home/rosh/projects/report-plugin/pytest-report-plugin/pytest_report_plugin/tests/test_plugin.py:21: assert (0 + nan) == (nan + 0), Duration: 0.4536535150000418
2024-04-28 17:51:54,869 - INFO - Test status: FAILED, Duration: 0.00024592800036771223
2024-04-28 17:51:54,869 - INFO - Test status: FAILED, Duration: 0.0003453939998507849
2024-04-28 17:51:54,869 - INFO - Test status: FAILED, Duration: 0.4536535150000418
2024-04-28 17:51:54,881 - INFO - Test run finished
2024-04-28 17:51:56,061 - INFO - Plugin initialized with API URL: http://127.0.0.1:8000, Auth Token: ******
2024-04-28 17:51:56,093 - INFO - <Response [200]>
2024-04-28 17:51:56,093 - INFO - 6104e014-eb3e-40e1-abad-72645aafe35f
2024-04-28 17:51:56,093 - INFO - Test run started
2024-04-28 17:51:56,269 - INFO - Started test: test_passing
2024-04-28 17:51:56,269 - INFO - Test 'test_passing' started with params: {}
2024-04-28 17:51:56,303 - INFO - Test status: PASSED, Duration: 0.00021611200008919695
2024-04-28 17:51:56,304 - INFO - d899a0d5-d2a3-4a08-b565-53470ea6a4e3 PASSED
2024-04-28 17:51:56,317 - INFO - Finished test: d899a0d5-d2a3-4a08-b565-53470ea6a4e3, Status: PASSED, Exception: None, Duration: 0.00021611200008919695
2024-04-28 17:51:56,330 - INFO - Started test: test_error
2024-04-28 17:51:56,330 - INFO - Test 'test_error' started with params: {}
2024-04-28 17:51:56,331 - INFO - Test status: PASSED, Duration: 0.0003869579995807726
2024-04-28 17:51:56,331 - INFO - c666d55a-37ba-4724-bb29-7bf8b6d2d3d6 PASSED
2024-04-28 17:51:56,343 - INFO - Finished test: c666d55a-37ba-4724-bb29-7bf8b6d2d3d6, Status: PASSED, Exception: None, Duration: 0.0003869579995807726
2024-04-28 17:51:56,356 - INFO - Started test: test_skipped
2024-04-28 17:51:56,356 - INFO - Test 'test_skipped' started with params: {}
2024-04-28 17:51:56,357 - INFO - Test skipped: ('/home/rosh/projects/report-plugin/pytest-report-plugin/pytest_report_plugin/tests/test_all_outcomes.py', 10, 'Skipped: Test is skipped for a reason')
2024-04-28 17:51:56,357 - INFO - 389b41fd-3a6b-439f-bc30-770da3a791f9 SKIPPED
2024-04-28 17:51:56,370 - INFO - Finished test: 389b41fd-3a6b-439f-bc30-770da3a791f9, Status: SKIPPED, Exception: None, Duration: None
2024-04-28 17:51:56,382 - INFO - Started test: test_expected_failure
2024-04-28 17:51:56,382 - INFO - Test 'test_expected_failure' started with params: {}
2024-04-28 17:51:56,409 - INFO - Test status: SKIPPED, Duration: 0.00024329799998668022
2024-04-28 17:51:56,410 - INFO - ffa32e53-6432-4755-9774-3a99822e0400 SKIPPED
2024-04-28 17:51:56,422 - INFO - Finished test: ffa32e53-6432-4755-9774-3a99822e0400, Status: SKIPPED, Exception: /home/rosh/projects/report-plugin/pytest-report-plugin/pytest_report_plugin/tests/test_all_outcomes.py:17: assert False, Duration: 0.00024329799998668022
2024-04-28 17:51:56,434 - INFO - Started test: test_unexpected_failure
2024-04-28 17:51:56,434 - INFO - Test 'test_unexpected_failure' started with params: {}
2024-04-28 17:51:56,437 - INFO - Test status: FAILED, Duration: 0.0003128809994450421
2024-04-28 17:51:56,437 - INFO - 0b9ce6fc-87e5-4b5f-85ad-f942e2f32ef5 FAILED
2024-04-28 17:51:56,449 - INFO - Finished test: 0b9ce6fc-87e5-4b5f-85ad-f942e2f32ef5, Status: FAILED, Exception: /home/rosh/projects/report-plugin/pytest-report-plugin/pytest_report_plugin/tests/test_all_outcomes.py:20: assert False, Duration: 0.0003128809994450421
2024-04-28 17:51:56,461 - INFO - Started test: test_examples[2-2]
2024-04-28 17:51:56,461 - INFO - Test 'test_examples[2-2]' started with params: {'left': 2, 'right': 2}
2024-04-28 17:51:56,462 - INFO - Test status: PASSED, Duration: 0.00018567300048744073
2024-04-28 17:51:56,462 - INFO - a7cd8df0-a389-4384-acda-978d48d43d5e PASSED
2024-04-28 17:51:56,473 - INFO - Finished test: a7cd8df0-a389-4384-acda-978d48d43d5e, Status: PASSED, Exception: None, Duration: 0.00018567300048744073
2024-04-28 17:51:56,486 - INFO - Started test: test_examples[3.14-5.55]
2024-04-28 17:51:56,486 - INFO - Test 'test_examples[3.14-5.55]' started with params: {'left': 3.14, 'right': 5.55}
2024-04-28 17:51:56,486 - INFO - Test skipped: ('/home/rosh/projects/report-plugin/pytest-report-plugin/pytest_report_plugin/tests/test_plugin.py', 5, 'Skipped: Skipped!')
2024-04-28 17:51:56,487 - INFO - 5e17412d-48f5-4353-8e9a-653330eda1c0 SKIPPED
2024-04-28 17:51:56,497 - INFO - Finished test: 5e17412d-48f5-4353-8e9a-653330eda1c0, Status: SKIPPED, Exception: None, Duration: None
2024-04-28 17:51:56,510 - INFO - Started test: test_examples[nan-42]
2024-04-28 17:51:56,510 - INFO - Test 'test_examples[nan-42]' started with params: {'left': nan, 'right': 42}
2024-04-28 17:51:56,514 - INFO - Test status: FAILED, Duration: 0.0004242450004312559
2024-04-28 17:51:56,514 - INFO - 69dd9817-bbcc-4e6a-913e-1df1908dbd0f FAILED
2024-04-28 17:51:56,525 - INFO - Finished test: 69dd9817-bbcc-4e6a-913e-1df1908dbd0f, Status: FAILED, Exception: /home/rosh/projects/report-plugin/pytest-report-plugin/pytest_report_plugin/tests/test_plugin.py:14: assert (nan + 42) == (42 + nan), Duration: 0.0004242450004312559
2024-04-28 17:51:56,537 - INFO - Started test: test_properties
2024-04-28 17:51:56,538 - INFO - Test 'test_properties' started with params: {}
2024-04-28 17:51:56,976 - INFO - Test status: FAILED, Duration: 0.43626454599962017
2024-04-28 17:51:56,977 - INFO - b7fde37d-4078-4eb7-90fc-bb8c9efba9c7 FAILED
2024-04-28 17:51:56,990 - INFO - Finished test: b7fde37d-4078-4eb7-90fc-bb8c9efba9c7, Status: FAILED, Exception: /home/rosh/projects/report-plugin/pytest-report-plugin/pytest_report_plugin/tests/test_plugin.py:21: assert (0 + nan) == (nan + 0), Duration: 0.43626454599962017
2024-04-28 17:51:56,995 - INFO - Test status: FAILED, Duration: 0.0003128809994450421
2024-04-28 17:51:56,995 - INFO - Test status: FAILED, Duration: 0.0004242450004312559
2024-04-28 17:51:56,995 - INFO - Test status: FAILED, Duration: 0.43626454599962017
2024-04-28 17:51:57,008 - INFO - Test run finished
2024-04-28 18:13:43,677 - INFO - Plugin initialized with API URL: http://127.0.0.1:8000, Auth Token: ******
2024-04-28 18:13:43,718 - INFO - <Response [200]>
2024-04-28 18:13:43,718 - INFO - 40baf2e4-3935-402d-b22f-e2593148655f
2024-04-28 18:13:43,719 - INFO - Test run started
2024-04-28 18:13:43,887 - INFO - Started test: test_passing
2024-04-28 18:13:43,888 - INFO - Test 'test_passing' started with params: {}
2024-04-28 18:13:43,923 - INFO - Test status: PASSED, Duration: 0.00019215100019209785
2024-04-28 18:13:43,924 - INFO - 9363191d-e584-4f3a-a811-c46d16e0214a PASSED
2024-04-28 18:13:43,941 - INFO - Finished test: 9363191d-e584-4f3a-a811-c46d16e0214a, Status: PASSED, Exception: None, Duration: 0.00019215100019209785
2024-04-28 18:13:43,954 - INFO - Started test: test_error
2024-04-28 18:13:43,954 - INFO - Test 'test_error' started with params: {}
2024-04-28 18:13:43,955 - INFO - Test status: PASSED, Duration: 0.0002799789999698987
2024-04-28 18:13:43,955 - INFO - 97789163-99b3-4e9a-bed8-ce15bc67026b PASSED
2024-04-28 18:13:43,967 - INFO - Finished test: 97789163-99b3-4e9a-bed8-ce15bc67026b, Status: PASSED, Exception: None, Duration: 0.0002799789999698987
2024-04-28 18:13:43,978 - INFO - Started test: test_skipped
2024-04-28 18:13:43,978 - INFO - Test 'test_skipped' started with params: {}
2024-04-28 18:13:43,979 - INFO - Test skipped: ('/home/rosh/projects/report-plugin/pytest-report-plugin/pytest_report_plugin/tests/test_all_outcomes.py', 10, 'Skipped: Test is skipped for a reason')
2024-04-28 18:13:43,980 - INFO - 834b39b9-010f-4d29-8851-a1cd853637fc SKIPPED
2024-04-28 18:13:43,993 - INFO - Finished test: 834b39b9-010f-4d29-8851-a1cd853637fc, Status: SKIPPED, Exception: None, Duration: None
2024-04-28 18:13:44,008 - INFO - Started test: test_expected_failure
2024-04-28 18:13:44,008 - INFO - Test 'test_expected_failure' started with params: {}
2024-04-28 18:13:44,036 - INFO - Test status: SKIPPED, Duration: 0.000257442000474839
2024-04-28 18:13:44,036 - INFO - 75d0447b-ff0f-4e8d-8299-4b0da6895f40 SKIPPED
2024-04-28 18:13:44,049 - INFO - Finished test: 75d0447b-ff0f-4e8d-8299-4b0da6895f40, Status: SKIPPED, Exception: /home/rosh/projects/report-plugin/pytest-report-plugin/pytest_report_plugin/tests/test_all_outcomes.py:17: assert False, Duration: 0.000257442000474839
2024-04-28 18:13:44,062 - INFO - Started test: test_unexpected_failure
2024-04-28 18:13:44,062 - INFO - Test 'test_unexpected_failure' started with params: {}
2024-04-28 18:13:44,064 - INFO - Test status: FAILED, Duration: 0.00024863900034688413
2024-04-28 18:13:44,065 - INFO - 6cedb841-ff67-46c0-838c-eafdb81f9c90 FAILED
2024-04-28 18:13:44,076 - INFO - Finished test: 6cedb841-ff67-46c0-838c-eafdb81f9c90, Status: FAILED, Exception: /home/rosh/projects/report-plugin/pytest-report-plugin/pytest_report_plugin/tests/test_all_outcomes.py:20: assert False, Duration: 0.00024863900034688413
2024-04-28 18:13:44,088 - INFO - Started test: test_examples[2-2]
2024-04-28 18:13:44,088 - INFO - Test 'test_examples[2-2]' started with params: {'left': 2, 'right': 2}
2024-04-28 18:13:44,089 - INFO - Test status: PASSED, Duration: 0.00018440499934513355
2024-04-28 18:13:44,090 - INFO - 2e20dc67-a8f2-4ad7-b9dc-ab63f292ab0c PASSED
2024-04-28 18:13:44,101 - INFO - Finished test: 2e20dc67-a8f2-4ad7-b9dc-ab63f292ab0c, Status: PASSED, Exception: None, Duration: 0.00018440499934513355
2024-04-28 18:13:44,115 - INFO - Started test: test_examples[3.14-5.55]
2024-04-28 18:13:44,115 - INFO - Test 'test_examples[3.14-5.55]' started with params: {'left': 3.14, 'right': 5.55}
2024-04-28 18:13:44,116 - INFO - Test skipped: ('/home/rosh/projects/report-plugin/pytest-report-plugin/pytest_report_plugin/tests/test_plugin.py', 5, 'Skipped: Skipped!')
2024-04-28 18:13:44,116 - INFO - 2aea1c29-bd29-43c0-83f3-d85709b34dfb SKIPPED
2024-04-28 18:13:44,128 - INFO - Finished test: 2aea1c29-bd29-43c0-83f3-d85709b34dfb, Status: SKIPPED, Exception: None, Duration: None
2024-04-28 18:13:44,141 - INFO - Started test: test_examples[nan-42]
2024-04-28 18:13:44,141 - INFO - Test 'test_examples[nan-42]' started with params: {'left': nan, 'right': 42}
2024-04-28 18:13:44,145 - INFO - Test status: FAILED, Duration: 0.00044915099988429574
2024-04-28 18:13:44,145 - INFO - ba4ace54-ca53-4bab-b725-a230b03e0bd5 FAILED
2024-04-28 18:13:44,157 - INFO - Finished test: ba4ace54-ca53-4bab-b725-a230b03e0bd5, Status: FAILED, Exception: /home/rosh/projects/report-plugin/pytest-report-plugin/pytest_report_plugin/tests/test_plugin.py:14: assert (nan + 42) == (42 + nan), Duration: 0.00044915099988429574
2024-04-28 18:13:44,170 - INFO - Started test: test_properties
2024-04-28 18:13:44,170 - INFO - Test 'test_properties' started with params: {}
2024-04-28 18:13:44,645 - INFO - Test status: FAILED, Duration: 0.4718761200001609
2024-04-28 18:13:44,645 - INFO - 17ac74c2-c666-481a-8a46-e8709c9f8b9e FAILED
2024-04-28 18:13:44,660 - INFO - Finished test: 17ac74c2-c666-481a-8a46-e8709c9f8b9e, Status: FAILED, Exception: /home/rosh/projects/report-plugin/pytest-report-plugin/pytest_report_plugin/tests/test_plugin.py:21: assert (0 + nan) == (nan + 0), Duration: 0.4718761200001609
2024-04-28 18:13:44,665 - INFO - Test status: FAILED, Duration: 0.00024863900034688413
2024-04-28 18:13:44,666 - INFO - Test status: FAILED, Duration: 0.00044915099988429574
2024-04-28 18:13:44,666 - INFO - Test status: FAILED, Duration: 0.4718761200001609
2024-04-28 18:13:44,680 - INFO - Test run finished
2024-04-28 18:28:45,719 - INFO - Plugin initialized with API URL: http://127.0.0.1:8000, Auth Token: ******
2024-04-28 18:28:45,759 - INFO - <Response [200]>
2024-04-28 18:28:45,759 - INFO - e49c9080-5c29-47c9-91b8-c746a7e4bbe8
2024-04-28 18:28:45,760 - INFO - Test run started
2024-04-28 18:28:45,932 - INFO - Started test: test_passing
2024-04-28 18:28:45,932 - INFO - Test 'test_passing' started with params: {}
2024-04-28 18:28:45,967 - INFO - Test status: PASSED, Duration: 0.00020893399960186798
2024-04-28 18:28:45,967 - INFO - 4b734d8d-2473-41f9-aad3-00745542f0e2 PASSED
2024-04-28 18:28:45,986 - INFO - Finished test: 4b734d8d-2473-41f9-aad3-00745542f0e2, Status: PASSED, Exception: None, Duration: 0.00020893399960186798
2024-04-28 18:28:45,999 - INFO - Started test: test_error
2024-04-28 18:28:45,999 - INFO - Test 'test_error' started with params: {}
2024-04-28 18:28:46,000 - INFO - Test status: PASSED, Duration: 0.0003224949996365467
2024-04-28 18:28:46,000 - INFO - e737b6c1-991d-483d-aa9b-28947b722e5a PASSED
2024-04-28 18:28:46,012 - INFO - Finished test: e737b6c1-991d-483d-aa9b-28947b722e5a, Status: PASSED, Exception: None, Duration: 0.0003224949996365467
2024-04-28 18:28:46,024 - INFO - Started test: test_skipped
2024-04-28 18:28:46,024 - INFO - Test 'test_skipped' started with params: {}
2024-04-28 18:28:46,025 - INFO - Test skipped: ('/home/rosh/projects/report-plugin/pytest-report-plugin/pytest_report_plugin/tests/test_all_outcomes.py', 10, 'Skipped: Test is skipped for a reason')
2024-04-28 18:28:46,025 - INFO - 3ee7c27d-51be-4b62-a967-25d0f6c8c371 SKIPPED
2024-04-28 18:28:46,038 - INFO - Finished test: 3ee7c27d-51be-4b62-a967-25d0f6c8c371, Status: SKIPPED, Exception: None, Duration: None
2024-04-28 18:28:46,050 - INFO - Started test: test_expected_failure
2024-04-28 18:28:46,050 - INFO - Test 'test_expected_failure' started with params: {}
2024-04-28 18:28:46,077 - INFO - Test status: SKIPPED, Duration: 0.00023035599951981567
2024-04-28 18:28:46,078 - INFO - f2a80ad2-ea99-41ac-a9c1-172abd47ff80 SKIPPED
2024-04-28 18:28:46,091 - INFO - Finished test: f2a80ad2-ea99-41ac-a9c1-172abd47ff80, Status: SKIPPED, Exception: /home/rosh/projects/report-plugin/pytest-report-plugin/pytest_report_plugin/tests/test_all_outcomes.py:17: assert False, Duration: 0.00023035599951981567
2024-04-28 18:28:46,103 - INFO - Started test: test_unexpected_failure
2024-04-28 18:28:46,103 - INFO - Test 'test_unexpected_failure' started with params: {}
2024-04-28 18:28:46,105 - INFO - Test status: FAILED, Duration: 0.0002518580004107207
2024-04-28 18:28:46,106 - INFO - edecbb77-de8d-43f3-b070-04b12b1acfff FAILED
2024-04-28 18:28:46,117 - INFO - Finished test: edecbb77-de8d-43f3-b070-04b12b1acfff, Status: FAILED, Exception: /home/rosh/projects/report-plugin/pytest-report-plugin/pytest_report_plugin/tests/test_all_outcomes.py:20: assert False, Duration: 0.0002518580004107207
2024-04-28 18:28:46,130 - INFO - Started test: test_examples[2-2]
2024-04-28 18:28:46,130 - INFO - Test 'test_examples[2-2]' started with params: {'left': 2, 'right': 2}
2024-04-28 18:28:46,131 - INFO - Test status: PASSED, Duration: 0.00015306900058931205
2024-04-28 18:28:46,131 - INFO - 471a63ba-f617-4b39-a132-26457727dbf8 PASSED
2024-04-28 18:28:46,143 - INFO - Finished test: 471a63ba-f617-4b39-a132-26457727dbf8, Status: PASSED, Exception: None, Duration: 0.00015306900058931205
2024-04-28 18:28:46,154 - INFO - Started test: test_examples[3.14-5.55]
2024-04-28 18:28:46,155 - INFO - Test 'test_examples[3.14-5.55]' started with params: {'left': 3.14, 'right': 5.55}
2024-04-28 18:28:46,155 - INFO - Test skipped: ('/home/rosh/projects/report-plugin/pytest-report-plugin/pytest_report_plugin/tests/test_plugin.py', 5, 'Skipped: Skipped!')
2024-04-28 18:28:46,156 - INFO - 0091d10c-5255-44bc-9ffb-dc7f83589286 SKIPPED
2024-04-28 18:28:46,169 - INFO - Finished test: 0091d10c-5255-44bc-9ffb-dc7f83589286, Status: SKIPPED, Exception: None, Duration: None
2024-04-28 18:28:46,180 - INFO - Started test: test_examples[nan-42]
2024-04-28 18:28:46,180 - INFO - Test 'test_examples[nan-42]' started with params: {'left': nan, 'right': 42}
2024-04-28 18:28:46,184 - INFO - Test status: FAILED, Duration: 0.00042887999916274566
2024-04-28 18:28:46,184 - INFO - ac1f1703-33d5-4461-a388-a37cfb7a2aaf FAILED
2024-04-28 18:28:46,197 - INFO - Finished test: ac1f1703-33d5-4461-a388-a37cfb7a2aaf, Status: FAILED, Exception: /home/rosh/projects/report-plugin/pytest-report-plugin/pytest_report_plugin/tests/test_plugin.py:14: assert (nan + 42) == (42 + nan), Duration: 0.00042887999916274566
2024-04-28 18:28:46,209 - INFO - Started test: test_properties
2024-04-28 18:28:46,209 - INFO - Test 'test_properties' started with params: {}
2024-04-28 18:28:46,672 - INFO - Test status: FAILED, Duration: 0.45999024199954874
2024-04-28 18:28:46,672 - INFO - f3e2f2ca-3888-4f65-87b4-13812c13f247 FAILED
2024-04-28 18:28:46,687 - INFO - Finished test: f3e2f2ca-3888-4f65-87b4-13812c13f247, Status: FAILED, Exception: /home/rosh/projects/report-plugin/pytest-report-plugin/pytest_report_plugin/tests/test_plugin.py:21: assert (0 + nan) == (nan + 0), Duration: 0.45999024199954874
2024-04-28 18:28:46,691 - INFO - Test status: FAILED, Duration: 0.0002518580004107207
2024-04-28 18:28:46,692 - INFO - Test status: FAILED, Duration: 0.00042887999916274566
2024-04-28 18:28:46,692 - INFO - Test status: FAILED, Duration: 0.45999024199954874
2024-04-28 18:28:46,706 - INFO - Test run finished
2024-04-28 18:34:13,052 - INFO - Plugin initialized with API URL: http://127.0.0.1:8000, Auth Token: ******
2024-04-28 18:34:13,094 - INFO - <Response [200]>
2024-04-28 18:34:13,094 - INFO - da955a4a-e02a-452d-8de9-c5f47b98c1cc
2024-04-28 18:34:13,094 - INFO - Test run started
2024-04-28 18:34:13,272 - INFO - Started test: test_passing
2024-04-28 18:34:13,273 - INFO - Test 'test_passing' started with params: {}
2024-04-28 18:34:13,309 - INFO - Test status: PASSED, Duration: 0.00021251100042718463
2024-04-28 18:34:13,309 - INFO - e93690a5-0866-482a-912c-b18f72a90a81 PASSED
2024-04-28 18:34:13,327 - INFO - Finished test: e93690a5-0866-482a-912c-b18f72a90a81, Status: PASSED, Exception: None, Duration: 0.00021251100042718463
2024-04-28 18:34:13,341 - INFO - Started test: test_error
2024-04-28 18:34:13,341 - INFO - Test 'test_error' started with params: {}
2024-04-28 18:34:13,341 - INFO - Test status: PASSED, Duration: 0.0002525250001781387
2024-04-28 18:34:13,342 - INFO - 0fb4b69d-f686-4227-bcaf-f8a12d8a8339 PASSED
2024-04-28 18:34:13,353 - INFO - Finished test: 0fb4b69d-f686-4227-bcaf-f8a12d8a8339, Status: PASSED, Exception: None, Duration: 0.0002525250001781387
2024-04-28 18:34:13,366 - INFO - Started test: test_skipped
2024-04-28 18:34:13,366 - INFO - Test 'test_skipped' started with params: {}
2024-04-28 18:34:13,367 - INFO - Test skipped: ('/home/rosh/projects/report-plugin/pytest-report-plugin/pytest_report_plugin/tests/test_all_outcomes.py', 10, 'Skipped: Test is skipped for a reason')
2024-04-28 18:34:13,367 - INFO - 933be231-9864-4a30-a8d6-c7bba32889f2 SKIPPED
2024-04-28 18:34:13,380 - INFO - Finished test: 933be231-9864-4a30-a8d6-c7bba32889f2, Status: SKIPPED, Exception: None, Duration: None
2024-04-28 18:34:13,391 - INFO - Started test: test_expected_failure
2024-04-28 18:34:13,392 - INFO - Test 'test_expected_failure' started with params: {}
2024-04-28 18:34:13,422 - INFO - Test status: SKIPPED, Duration: 0.0002913270000135526
2024-04-28 18:34:13,423 - INFO - d2c97903-a8eb-4b53-a883-ab1408a62e6d SKIPPED
2024-04-28 18:34:13,437 - INFO - Finished test: d2c97903-a8eb-4b53-a883-ab1408a62e6d, Status: SKIPPED, Exception: /home/rosh/projects/report-plugin/pytest-report-plugin/pytest_report_plugin/tests/test_all_outcomes.py:17: assert False, Duration: 0.0002913270000135526
2024-04-28 18:34:13,450 - INFO - Started test: test_unexpected_failure
2024-04-28 18:34:13,450 - INFO - Test 'test_unexpected_failure' started with params: {}
2024-04-28 18:34:13,453 - INFO - Test status: FAILED, Duration: 0.00023608300034538843
2024-04-28 18:34:13,453 - INFO - 0201a667-4c84-4ea5-806d-9a72ad2ac296 FAILED
2024-04-28 18:34:13,465 - INFO - Finished test: 0201a667-4c84-4ea5-806d-9a72ad2ac296, Status: FAILED, Exception: /home/rosh/projects/report-plugin/pytest-report-plugin/pytest_report_plugin/tests/test_all_outcomes.py:20: assert False, Duration: 0.00023608300034538843
2024-04-28 18:34:13,478 - INFO - Started test: test_examples[2-2]
2024-04-28 18:34:13,478 - INFO - Test 'test_examples[2-2]' started with params: {'left': 2, 'right': 2}
2024-04-28 18:34:13,479 - INFO - Test status: PASSED, Duration: 0.00020352699903014582
2024-04-28 18:34:13,480 - INFO - 531068aa-b508-4e0a-8aee-147c4032e623 PASSED
2024-04-28 18:34:13,491 - INFO - Finished test: 531068aa-b508-4e0a-8aee-147c4032e623, Status: PASSED, Exception: None, Duration: 0.00020352699903014582
2024-04-28 18:34:13,503 - INFO - Started test: test_examples[3.14-5.55]
2024-04-28 18:34:13,504 - INFO - Test 'test_examples[3.14-5.55]' started with params: {'left': 3.14, 'right': 5.55}
2024-04-28 18:34:13,504 - INFO - Test skipped: ('/home/rosh/projects/report-plugin/pytest-report-plugin/pytest_report_plugin/tests/test_plugin.py', 5, 'Skipped: Skipped!')
2024-04-28 18:34:13,504 - INFO - 208b5968-5fd1-45c6-b500-a61d7e15f794 SKIPPED
2024-04-28 18:34:13,516 - INFO - Finished test: 208b5968-5fd1-45c6-b500-a61d7e15f794, Status: SKIPPED, Exception: None, Duration: None
2024-04-28 18:34:13,528 - INFO - Started test: test_examples[nan-42]
2024-04-28 18:34:13,528 - INFO - Test 'test_examples[nan-42]' started with params: {'left': nan, 'right': 42}
2024-04-28 18:34:13,531 - INFO - Test status: FAILED, Duration: 0.00034408600004098844
2024-04-28 18:34:13,532 - INFO - 238aa2e2-e3dc-4328-811b-b9b8299620ec FAILED
2024-04-28 18:34:13,543 - INFO - Finished test: 238aa2e2-e3dc-4328-811b-b9b8299620ec, Status: FAILED, Exception: /home/rosh/projects/report-plugin/pytest-report-plugin/pytest_report_plugin/tests/test_plugin.py:14: assert (nan + 42) == (42 + nan), Duration: 0.00034408600004098844
2024-04-28 18:34:13,556 - INFO - Started test: test_properties
2024-04-28 18:34:13,556 - INFO - Test 'test_properties' started with params: {}
2024-04-28 18:34:14,019 - INFO - Test status: FAILED, Duration: 0.4604101709992392
2024-04-28 18:34:14,019 - INFO - e4f00328-5f55-4a93-82f9-046702bd2ea0 FAILED
2024-04-28 18:34:14,034 - INFO - Finished test: e4f00328-5f55-4a93-82f9-046702bd2ea0, Status: FAILED, Exception: /home/rosh/projects/report-plugin/pytest-report-plugin/pytest_report_plugin/tests/test_plugin.py:21: assert (0 + nan) == (nan + 0), Duration: 0.4604101709992392
2024-04-28 18:34:14,038 - INFO - Test status: FAILED, Duration: 0.00023608300034538843
2024-04-28 18:34:14,038 - INFO - Test status: FAILED, Duration: 0.00034408600004098844
2024-04-28 18:34:14,039 - INFO - Test status: FAILED, Duration: 0.4604101709992392
2024-04-28 18:34:14,055 - INFO - Test run finished
2024-04-28 18:41:20,775 - INFO - Plugin initialized with API URL: http://127.0.0.1:8000, Auth Token: ******
2024-04-28 18:41:20,814 - INFO - <Response [200]>
2024-04-28 18:41:20,814 - INFO - c4a70ca8-c3a2-4b81-9fec-747802ea5575
2024-04-28 18:41:20,814 - INFO - Test run started
2024-04-28 18:41:20,985 - INFO - Started test: test_passing
2024-04-28 18:41:20,986 - INFO - Test 'test_passing' started with params: {}
2024-04-28 18:41:21,018 - INFO - Test status: PASSED, Duration: 0.00016924599913181737
2024-04-28 18:41:21,019 - INFO - ff30f2a0-94db-4a87-84af-b4511024741f PASSED
2024-04-28 18:41:21,037 - INFO - Finished test: ff30f2a0-94db-4a87-84af-b4511024741f, Status: PASSED, Exception: None, Duration: 0.00016924599913181737
2024-04-28 18:41:21,049 - INFO - Started test: test_error
2024-04-28 18:41:21,049 - INFO - Test 'test_error' started with params: {}
2024-04-28 18:41:21,050 - INFO - Test status: PASSED, Duration: 0.0003254369985370431
2024-04-28 18:41:21,051 - INFO - 2480a3ac-0849-4ff4-a85f-af4d4909150f PASSED
2024-04-28 18:41:21,067 - INFO - Finished test: 2480a3ac-0849-4ff4-a85f-af4d4909150f, Status: PASSED, Exception: None, Duration: 0.0003254369985370431
2024-04-28 18:41:21,079 - INFO - Started test: test_skipped
2024-04-28 18:41:21,079 - INFO - Test 'test_skipped' started with params: {}
2024-04-28 18:41:21,080 - INFO - Test skipped: ('/home/rosh/projects/report-plugin/pytest_report_plugin/tests/test_all_outcomes.py', 10, 'Skipped: Test is skipped for a reason')
2024-04-28 18:41:21,080 - INFO - d2d3cdd5-2bc9-4a16-bdf3-a3c63b44b413 SKIPPED
2024-04-28 18:41:21,093 - INFO - Finished test: d2d3cdd5-2bc9-4a16-bdf3-a3c63b44b413, Status: SKIPPED, Exception: None, Duration: None
2024-04-28 18:41:21,105 - INFO - Started test: test_expected_failure
2024-04-28 18:41:21,105 - INFO - Test 'test_expected_failure' started with params: {}
2024-04-28 18:41:21,133 - INFO - Test status: SKIPPED, Duration: 0.0002929619986389298
2024-04-28 18:41:21,134 - INFO - 6c371138-9179-49d4-9196-3c704fb5b7b5 SKIPPED
2024-04-28 18:41:21,147 - INFO - Finished test: 6c371138-9179-49d4-9196-3c704fb5b7b5, Status: SKIPPED, Exception: /home/rosh/projects/report-plugin/pytest_report_plugin/tests/test_all_outcomes.py:17: assert False, Duration: 0.0002929619986389298
2024-04-28 18:41:21,160 - INFO - Started test: test_unexpected_failure
2024-04-28 18:41:21,161 - INFO - Test 'test_unexpected_failure' started with params: {}
2024-04-28 18:41:21,163 - INFO - Test status: FAILED, Duration: 0.0003236640004615765
2024-04-28 18:41:21,164 - INFO - 32e54fcb-474b-4025-abd0-dd3407c220be FAILED
2024-04-28 18:41:21,177 - INFO - Finished test: 32e54fcb-474b-4025-abd0-dd3407c220be, Status: FAILED, Exception: /home/rosh/projects/report-plugin/pytest_report_plugin/tests/test_all_outcomes.py:20: assert False, Duration: 0.0003236640004615765
2024-04-28 18:41:21,190 - INFO - Started test: test_examples[2-2]
2024-04-28 18:41:21,190 - INFO - Test 'test_examples[2-2]' started with params: {'left': 2, 'right': 2}
2024-04-28 18:41:21,191 - INFO - Test status: PASSED, Duration: 0.0001485110005887691
2024-04-28 18:41:21,191 - INFO - c4bd7016-4bf9-451d-bfef-8a7b5c8a839e PASSED
2024-04-28 18:41:21,203 - INFO - Finished test: c4bd7016-4bf9-451d-bfef-8a7b5c8a839e, Status: PASSED, Exception: None, Duration: 0.0001485110005887691
2024-04-28 18:41:21,215 - INFO - Started test: test_examples[3.14-5.55]
2024-04-28 18:41:21,216 - INFO - Test 'test_examples[3.14-5.55]' started with params: {'left': 3.14, 'right': 5.55}
2024-04-28 18:41:21,216 - INFO - Test skipped: ('/home/rosh/projects/report-plugin/pytest_report_plugin/tests/test_plugin.py', 5, 'Skipped: Skipped!')
2024-04-28 18:41:21,216 - INFO - df14d390-bbc2-4383-b240-336b15e5e24d SKIPPED
2024-04-28 18:41:21,228 - INFO - Finished test: df14d390-bbc2-4383-b240-336b15e5e24d, Status: SKIPPED, Exception: None, Duration: None
2024-04-28 18:41:21,239 - INFO - Started test: test_examples[nan-42]
2024-04-28 18:41:21,239 - INFO - Test 'test_examples[nan-42]' started with params: {'left': nan, 'right': 42}
2024-04-28 18:41:21,242 - INFO - Test status: FAILED, Duration: 0.00033521200020913966
2024-04-28 18:41:21,242 - INFO - 356a5029-b454-4d61-870b-c3f89b3d0fd6 FAILED
2024-04-28 18:41:21,254 - INFO - Finished test: 356a5029-b454-4d61-870b-c3f89b3d0fd6, Status: FAILED, Exception: /home/rosh/projects/report-plugin/pytest_report_plugin/tests/test_plugin.py:14: assert (nan + 42) == (42 + nan), Duration: 0.00033521200020913966
2024-04-28 18:41:21,265 - INFO - Started test: test_properties
2024-04-28 18:41:21,265 - INFO - Test 'test_properties' started with params: {}
2024-04-28 18:41:21,705 - INFO - Test status: FAILED, Duration: 0.4376367160002701
2024-04-28 18:41:21,706 - INFO - c5fd1f1d-1f64-4229-a2ac-72fda0071adb FAILED
2024-04-28 18:41:21,720 - INFO - Finished test: c5fd1f1d-1f64-4229-a2ac-72fda0071adb, Status: FAILED, Exception: /home/rosh/projects/report-plugin/pytest_report_plugin/tests/test_plugin.py:21: assert (0 + nan) == (nan + 0), Duration: 0.4376367160002701
2024-04-28 18:41:21,724 - INFO - Test status: FAILED, Duration: 0.0003236640004615765
2024-04-28 18:41:21,724 - INFO - Test status: FAILED, Duration: 0.00033521200020913966
2024-04-28 18:41:21,725 - INFO - Test status: FAILED, Duration: 0.4376367160002701
2024-04-28 18:41:21,739 - INFO - Test run finished
2024-04-28 18:42:40,542 - INFO - Plugin initialized with API URL: http://127.0.0.1:8000, Auth Token: ******
2024-04-28 18:42:40,574 - INFO - <Response [200]>
2024-04-28 18:42:40,574 - INFO - 68d2c71a-cc36-4bee-be5a-fd7e570ca863
2024-04-28 18:42:40,575 - INFO - Test run started
2024-04-28 18:42:40,744 - INFO - Started test: test_passing
2024-04-28 18:42:40,744 - INFO - Test 'test_passing' started with params: {}
2024-04-28 18:42:40,781 - INFO - Test status: PASSED, Duration: 0.00020102199960092548
2024-04-28 18:42:40,781 - INFO - 13d05689-d543-4332-a5a3-fd2f3801863b PASSED
2024-04-28 18:42:40,795 - INFO - Finished test: 13d05689-d543-4332-a5a3-fd2f3801863b, Status: PASSED, Exception: None, Duration: 0.00020102199960092548
2024-04-28 18:42:40,807 - INFO - Started test: test_error
2024-04-28 18:42:40,807 - INFO - Test 'test_error' started with params: {}
2024-04-28 18:42:40,808 - INFO - Test status: PASSED, Duration: 0.00024079600007098634
2024-04-28 18:42:40,808 - INFO - a53408c5-4bf1-4eb2-8753-1dfb994181d8 PASSED
2024-04-28 18:42:40,819 - INFO - Finished test: a53408c5-4bf1-4eb2-8753-1dfb994181d8, Status: PASSED, Exception: None, Duration: 0.00024079600007098634
2024-04-28 18:42:40,831 - INFO - Started test: test_skipped
2024-04-28 18:42:40,831 - INFO - Test 'test_skipped' started with params: {}
2024-04-28 18:42:40,832 - INFO - Test skipped: ('/home/rosh/projects/report-plugin/pytest_report_plugin/tests/test_all_outcomes.py', 10, 'Skipped: Test is skipped for a reason')
2024-04-28 18:42:40,832 - INFO - e088b1fe-03e5-4066-add4-824564d3b250 SKIPPED
2024-04-28 18:42:40,845 - INFO - Finished test: e088b1fe-03e5-4066-add4-824564d3b250, Status: SKIPPED, Exception: None, Duration: None
2024-04-28 18:42:40,857 - INFO - Started test: test_expected_failure
2024-04-28 18:42:40,857 - INFO - Test 'test_expected_failure' started with params: {}
2024-04-28 18:42:40,886 - INFO - Test status: SKIPPED, Duration: 0.00033010199877026025
2024-04-28 18:42:40,886 - INFO - ec521724-5e28-4ef2-b7c5-72194230caf9 SKIPPED
2024-04-28 18:42:40,900 - INFO - Finished test: ec521724-5e28-4ef2-b7c5-72194230caf9, Status: SKIPPED, Exception: /home/rosh/projects/report-plugin/pytest_report_plugin/tests/test_all_outcomes.py:17: assert False, Duration: 0.00033010199877026025
2024-04-28 18:42:40,911 - INFO - Started test: test_unexpected_failure
2024-04-28 18:42:40,912 - INFO - Test 'test_unexpected_failure' started with params: {}
2024-04-28 18:42:40,914 - INFO - Test status: FAILED, Duration: 0.000250323999352986
2024-04-28 18:42:40,914 - INFO - 04bba2ee-a4f7-4790-b95b-5902c999883c FAILED
2024-04-28 18:42:40,927 - INFO - Finished test: 04bba2ee-a4f7-4790-b95b-5902c999883c, Status: FAILED, Exception: /home/rosh/projects/report-plugin/pytest_report_plugin/tests/test_all_outcomes.py:20: assert False, Duration: 0.000250323999352986
2024-04-28 18:42:40,937 - INFO - Started test: test_examples[2-2]
2024-04-28 18:42:40,938 - INFO - Test 'test_examples[2-2]' started with params: {'left': 2, 'right': 2}
2024-04-28 18:42:40,939 - INFO - Test status: PASSED, Duration: 0.00019039800099562854
2024-04-28 18:42:40,939 - INFO - 5d211143-c4fb-41e1-9aa0-84a71be067d2 PASSED
2024-04-28 18:42:40,952 - INFO - Finished test: 5d211143-c4fb-41e1-9aa0-84a71be067d2, Status: PASSED, Exception: None, Duration: 0.00019039800099562854
2024-04-28 18:42:40,964 - INFO - Started test: test_examples[3.14-5.55]
2024-04-28 18:42:40,965 - INFO - Test 'test_examples[3.14-5.55]' started with params: {'left': 3.14, 'right': 5.55}
2024-04-28 18:42:40,965 - INFO - Test skipped: ('/home/rosh/projects/report-plugin/pytest_report_plugin/tests/test_plugin.py', 5, 'Skipped: Skipped!')
2024-04-28 18:42:40,965 - INFO - 16ba72db-a17e-4ac2-a259-cfe57ee7a156 SKIPPED
2024-04-28 18:42:40,979 - INFO - Finished test: 16ba72db-a17e-4ac2-a259-cfe57ee7a156, Status: SKIPPED, Exception: None, Duration: None
2024-04-28 18:42:40,991 - INFO - Started test: test_examples[nan-42]
2024-04-28 18:42:40,991 - INFO - Test 'test_examples[nan-42]' started with params: {'left': nan, 'right': 42}
2024-04-28 18:42:40,995 - INFO - Test status: FAILED, Duration: 0.00045002399929217063
2024-04-28 18:42:40,995 - INFO - 9249d4ee-3eb4-4161-af8c-8f17fd2aa7c3 FAILED
2024-04-28 18:42:41,007 - INFO - Finished test: 9249d4ee-3eb4-4161-af8c-8f17fd2aa7c3, Status: FAILED, Exception: /home/rosh/projects/report-plugin/pytest_report_plugin/tests/test_plugin.py:14: assert (nan + 42) == (42 + nan), Duration: 0.00045002399929217063
2024-04-28 18:42:41,019 - INFO - Started test: test_properties
2024-04-28 18:42:41,020 - INFO - Test 'test_properties' started with params: {}
2024-04-28 18:42:41,458 - INFO - Test status: FAILED, Duration: 0.43633109500115097
2024-04-28 18:42:41,458 - INFO - d0e61e2a-6d54-4795-9704-4e9c59830c90 FAILED
2024-04-28 18:42:41,473 - INFO - Finished test: d0e61e2a-6d54-4795-9704-4e9c59830c90, Status: FAILED, Exception: /home/rosh/projects/report-plugin/pytest_report_plugin/tests/test_plugin.py:21: assert (0 + nan) == (nan + 0), Duration: 0.43633109500115097
2024-04-28 18:42:41,478 - INFO - Test status: FAILED, Duration: 0.000250323999352986
2024-04-28 18:42:41,478 - INFO - Test status: FAILED, Duration: 0.00045002399929217063
2024-04-28 18:42:41,479 - INFO - Test status: FAILED, Duration: 0.43633109500115097
2024-04-28 18:42:41,492 - INFO - Test run finished
